{"/Users/a1/Documents/GitHub/MediSync-Proyecto/src/babel.config.js": {"path":"/Users/a1/Documents/GitHub/MediSync-Proyecto/src/babel.config.js","statementMap":{"0":{"start":{"line":2,"column":4},"end":{"line":10,"column":8}}},"fnMap":{},"branchMap":{},"s":{"0":0},"f":{},"b":{}}
,"/Users/a1/Documents/GitHub/MediSync-Proyecto/src/jest.config.js": {"path":"/Users/a1/Documents/GitHub/MediSync-Proyecto/src/jest.config.js","statementMap":{"0":{"start":{"line":2,"column":4},"end":{"line":49,"column":8}}},"fnMap":{},"branchMap":{},"s":{"0":0},"f":{},"b":{}}
,"/Users/a1/Documents/GitHub/MediSync-Proyecto/src/jest.setup.js": {"path":"/Users/a1/Documents/GitHub/MediSync-Proyecto/src/jest.setup.js","statementMap":{},"fnMap":{},"branchMap":{},"s":{},"f":{},"b":{}}
,"/Users/a1/Documents/GitHub/MediSync-Proyecto/src/E2E/Login.spec.jsx": {"path":"/Users/a1/Documents/GitHub/MediSync-Proyecto/src/E2E/Login.spec.jsx","statementMap":{"0":{"start":{"line":3,"column":0},"end":{"line":59,"column":3}},"1":{"start":{"line":5,"column":2},"end":{"line":32,"column":5}},"2":{"start":{"line":6,"column":4},"end":{"line":17,"column":7}},"3":{"start":{"line":7,"column":22},"end":{"line":7,"column":37}},"4":{"start":{"line":8,"column":6},"end":{"line":16,"column":7}},"5":{"start":{"line":9,"column":8},"end":{"line":13,"column":11}},"6":{"start":{"line":15,"column":8},"end":{"line":15,"column":25}},"7":{"start":{"line":19,"column":4},"end":{"line":19,"column":51}},"8":{"start":{"line":22,"column":4},"end":{"line":22,"column":91}},"9":{"start":{"line":25,"column":4},"end":{"line":25,"column":66}},"10":{"start":{"line":28,"column":4},"end":{"line":28,"column":71}},"11":{"start":{"line":31,"column":4},"end":{"line":31,"column":66}},"12":{"start":{"line":34,"column":2},"end":{"line":57,"column":5}},"13":{"start":{"line":35,"column":4},"end":{"line":46,"column":7}},"14":{"start":{"line":36,"column":22},"end":{"line":36,"column":37}},"15":{"start":{"line":37,"column":6},"end":{"line":45,"column":7}},"16":{"start":{"line":38,"column":8},"end":{"line":42,"column":11}},"17":{"start":{"line":44,"column":8},"end":{"line":44,"column":25}},"18":{"start":{"line":48,"column":4},"end":{"line":48,"column":51}},"19":{"start":{"line":50,"column":4},"end":{"line":50,"column":92}},"20":{"start":{"line":51,"column":4},"end":{"line":51,"column":68}},"21":{"start":{"line":53,"column":4},"end":{"line":53,"column":71}},"22":{"start":{"line":55,"column":25},"end":{"line":55,"column":74}},"23":{"start":{"line":56,"column":4},"end":{"line":56,"column":45}}},"fnMap":{"0":{"name":"(anonymous_0)","decl":{"start":{"line":3,"column":28},"end":{"line":3,"column":29}},"loc":{"start":{"line":3,"column":34},"end":{"line":59,"column":1}},"line":3},"1":{"name":"(anonymous_1)","decl":{"start":{"line":5,"column":43},"end":{"line":5,"column":44}},"loc":{"start":{"line":5,"column":63},"end":{"line":32,"column":3}},"line":5},"2":{"name":"(anonymous_2)","decl":{"start":{"line":6,"column":56},"end":{"line":6,"column":57}},"loc":{"start":{"line":6,"column":71},"end":{"line":17,"column":5}},"line":6},"3":{"name":"(anonymous_3)","decl":{"start":{"line":34,"column":49},"end":{"line":34,"column":50}},"loc":{"start":{"line":34,"column":69},"end":{"line":57,"column":3}},"line":34},"4":{"name":"(anonymous_4)","decl":{"start":{"line":35,"column":56},"end":{"line":35,"column":57}},"loc":{"start":{"line":35,"column":71},"end":{"line":46,"column":5}},"line":35}},"branchMap":{"0":{"loc":{"start":{"line":8,"column":6},"end":{"line":16,"column":7}},"type":"if","locations":[{"start":{"line":8,"column":6},"end":{"line":16,"column":7}},{"start":{"line":14,"column":13},"end":{"line":16,"column":7}}],"line":8},"1":{"loc":{"start":{"line":37,"column":6},"end":{"line":45,"column":7}},"type":"if","locations":[{"start":{"line":37,"column":6},"end":{"line":45,"column":7}},{"start":{"line":43,"column":13},"end":{"line":45,"column":7}}],"line":37}},"s":{"0":0,"1":0,"2":0,"3":0,"4":0,"5":0,"6":0,"7":0,"8":0,"9":0,"10":0,"11":0,"12":0,"13":0,"14":0,"15":0,"16":0,"17":0,"18":0,"19":0,"20":0,"21":0,"22":0,"23":0},"f":{"0":0,"1":0,"2":0,"3":0,"4":0},"b":{"0":[0,0],"1":[0,0]}}
,"/Users/a1/Documents/GitHub/MediSync-Proyecto/src/E2E/Profile.spec.jsx": {"path":"/Users/a1/Documents/GitHub/MediSync-Proyecto/src/E2E/Profile.spec.jsx","statementMap":{"0":{"start":{"line":3,"column":0},"end":{"line":17,"column":3}},"1":{"start":{"line":5,"column":2},"end":{"line":5,"column":49}},"2":{"start":{"line":6,"column":2},"end":{"line":6,"column":84}},"3":{"start":{"line":7,"column":2},"end":{"line":7,"column":67}},"4":{"start":{"line":8,"column":2},"end":{"line":8,"column":70}},"5":{"start":{"line":11,"column":2},"end":{"line":11,"column":38}},"6":{"start":{"line":14,"column":2},"end":{"line":14,"column":87}},"7":{"start":{"line":15,"column":2},"end":{"line":15,"column":68}},"8":{"start":{"line":16,"column":2},"end":{"line":16,"column":67}},"9":{"start":{"line":20,"column":0},"end":{"line":43,"column":3}},"10":{"start":{"line":21,"column":2},"end":{"line":21,"column":49}},"11":{"start":{"line":22,"column":2},"end":{"line":22,"column":84}},"12":{"start":{"line":23,"column":2},"end":{"line":23,"column":67}},"13":{"start":{"line":24,"column":2},"end":{"line":24,"column":70}},"14":{"start":{"line":25,"column":2},"end":{"line":25,"column":38}},"15":{"start":{"line":28,"column":2},"end":{"line":28,"column":68}},"16":{"start":{"line":31,"column":2},"end":{"line":31,"column":59}},"17":{"start":{"line":32,"column":2},"end":{"line":32,"column":55}},"18":{"start":{"line":33,"column":2},"end":{"line":33,"column":66}},"19":{"start":{"line":36,"column":2},"end":{"line":36,"column":70}},"20":{"start":{"line":39,"column":2},"end":{"line":39,"column":81}},"21":{"start":{"line":42,"column":2},"end":{"line":42,"column":83}},"22":{"start":{"line":45,"column":0},"end":{"line":59,"column":3}},"23":{"start":{"line":46,"column":2},"end":{"line":46,"column":49}},"24":{"start":{"line":47,"column":2},"end":{"line":47,"column":84}},"25":{"start":{"line":48,"column":2},"end":{"line":48,"column":67}},"26":{"start":{"line":49,"column":2},"end":{"line":49,"column":70}},"27":{"start":{"line":50,"column":2},"end":{"line":50,"column":38}},"28":{"start":{"line":52,"column":2},"end":{"line":52,"column":68}},"29":{"start":{"line":55,"column":2},"end":{"line":55,"column":36}},"30":{"start":{"line":58,"column":2},"end":{"line":58,"column":62}},"31":{"start":{"line":62,"column":0},"end":{"line":92,"column":3}},"32":{"start":{"line":64,"column":2},"end":{"line":64,"column":49}},"33":{"start":{"line":65,"column":2},"end":{"line":65,"column":77}},"34":{"start":{"line":66,"column":2},"end":{"line":66,"column":59}},"35":{"start":{"line":67,"column":2},"end":{"line":67,"column":70}},"36":{"start":{"line":68,"column":2},"end":{"line":68,"column":38}},"37":{"start":{"line":71,"column":2},"end":{"line":73,"column":5}},"38":{"start":{"line":72,"column":4},"end":{"line":72,"column":32}},"39":{"start":{"line":72,"column":27},"end":{"line":72,"column":31}},"40":{"start":{"line":76,"column":22},"end":{"line":76,"column":75}},"41":{"start":{"line":77,"column":2},"end":{"line":77,"column":42}},"42":{"start":{"line":80,"column":2},"end":{"line":80,"column":28}},"43":{"start":{"line":83,"column":2},"end":{"line":83,"column":56}},"44":{"start":{"line":86,"column":25},"end":{"line":86,"column":90}},"45":{"start":{"line":86,"column":51},"end":{"line":86,"column":89}},"46":{"start":{"line":87,"column":2},"end":{"line":87,"column":67}},"47":{"start":{"line":89,"column":2},"end":{"line":89,"column":50}}},"fnMap":{"0":{"name":"(anonymous_0)","decl":{"start":{"line":3,"column":60},"end":{"line":3,"column":61}},"loc":{"start":{"line":3,"column":80},"end":{"line":17,"column":1}},"line":3},"1":{"name":"(anonymous_1)","decl":{"start":{"line":20,"column":54},"end":{"line":20,"column":55}},"loc":{"start":{"line":20,"column":74},"end":{"line":43,"column":1}},"line":20},"2":{"name":"(anonymous_2)","decl":{"start":{"line":45,"column":56},"end":{"line":45,"column":57}},"loc":{"start":{"line":45,"column":76},"end":{"line":59,"column":1}},"line":45},"3":{"name":"(anonymous_3)","decl":{"start":{"line":62,"column":69},"end":{"line":62,"column":70}},"loc":{"start":{"line":62,"column":89},"end":{"line":92,"column":1}},"line":62},"4":{"name":"(anonymous_4)","decl":{"start":{"line":71,"column":22},"end":{"line":71,"column":23}},"loc":{"start":{"line":71,"column":28},"end":{"line":73,"column":3}},"line":71},"5":{"name":"(anonymous_5)","decl":{"start":{"line":72,"column":21},"end":{"line":72,"column":22}},"loc":{"start":{"line":72,"column":27},"end":{"line":72,"column":31}},"line":72},"6":{"name":"(anonymous_6)","decl":{"start":{"line":86,"column":45},"end":{"line":86,"column":46}},"loc":{"start":{"line":86,"column":51},"end":{"line":86,"column":89}},"line":86}},"branchMap":{},"s":{"0":0,"1":0,"2":0,"3":0,"4":0,"5":0,"6":0,"7":0,"8":0,"9":0,"10":0,"11":0,"12":0,"13":0,"14":0,"15":0,"16":0,"17":0,"18":0,"19":0,"20":0,"21":0,"22":0,"23":0,"24":0,"25":0,"26":0,"27":0,"28":0,"29":0,"30":0,"31":0,"32":0,"33":0,"34":0,"35":0,"36":0,"37":0,"38":0,"39":0,"40":0,"41":0,"42":0,"43":0,"44":0,"45":0,"46":0,"47":0},"f":{"0":0,"1":0,"2":0,"3":0,"4":0,"5":0,"6":0},"b":{}}
,"/Users/a1/Documents/GitHub/MediSync-Proyecto/src/E2E/Register.spec.jsx": {"path":"/Users/a1/Documents/GitHub/MediSync-Proyecto/src/E2E/Register.spec.jsx","statementMap":{"0":{"start":{"line":3,"column":0},"end":{"line":70,"column":3}},"1":{"start":{"line":5,"column":2},"end":{"line":35,"column":5}},"2":{"start":{"line":6,"column":4},"end":{"line":17,"column":7}},"3":{"start":{"line":7,"column":22},"end":{"line":7,"column":37}},"4":{"start":{"line":8,"column":6},"end":{"line":16,"column":7}},"5":{"start":{"line":9,"column":8},"end":{"line":13,"column":11}},"6":{"start":{"line":15,"column":8},"end":{"line":15,"column":25}},"7":{"start":{"line":19,"column":4},"end":{"line":19,"column":54}},"8":{"start":{"line":22,"column":4},"end":{"line":22,"column":68}},"9":{"start":{"line":23,"column":4},"end":{"line":23,"column":72}},"10":{"start":{"line":24,"column":4},"end":{"line":24,"column":82}},"11":{"start":{"line":25,"column":4},"end":{"line":25,"column":86}},"12":{"start":{"line":26,"column":4},"end":{"line":26,"column":76}},"13":{"start":{"line":27,"column":4},"end":{"line":27,"column":120}},"14":{"start":{"line":28,"column":4},"end":{"line":28,"column":73}},"15":{"start":{"line":31,"column":4},"end":{"line":31,"column":69}},"16":{"start":{"line":34,"column":4},"end":{"line":34,"column":64}},"17":{"start":{"line":37,"column":2},"end":{"line":68,"column":5}},"18":{"start":{"line":38,"column":4},"end":{"line":49,"column":7}},"19":{"start":{"line":39,"column":22},"end":{"line":39,"column":37}},"20":{"start":{"line":40,"column":6},"end":{"line":48,"column":7}},"21":{"start":{"line":41,"column":8},"end":{"line":45,"column":11}},"22":{"start":{"line":47,"column":8},"end":{"line":47,"column":25}},"23":{"start":{"line":51,"column":4},"end":{"line":51,"column":54}},"24":{"start":{"line":54,"column":4},"end":{"line":54,"column":68}},"25":{"start":{"line":55,"column":4},"end":{"line":55,"column":72}},"26":{"start":{"line":56,"column":4},"end":{"line":56,"column":82}},"27":{"start":{"line":57,"column":4},"end":{"line":57,"column":86}},"28":{"start":{"line":58,"column":4},"end":{"line":58,"column":76}},"29":{"start":{"line":59,"column":4},"end":{"line":59,"column":120}},"30":{"start":{"line":60,"column":4},"end":{"line":60,"column":73}},"31":{"start":{"line":63,"column":4},"end":{"line":63,"column":69}},"32":{"start":{"line":66,"column":25},"end":{"line":66,"column":91}},"33":{"start":{"line":67,"column":4},"end":{"line":67,"column":45}}},"fnMap":{"0":{"name":"(anonymous_0)","decl":{"start":{"line":3,"column":31},"end":{"line":3,"column":32}},"loc":{"start":{"line":3,"column":37},"end":{"line":70,"column":1}},"line":3},"1":{"name":"(anonymous_1)","decl":{"start":{"line":5,"column":45},"end":{"line":5,"column":46}},"loc":{"start":{"line":5,"column":65},"end":{"line":35,"column":3}},"line":5},"2":{"name":"(anonymous_2)","decl":{"start":{"line":6,"column":59},"end":{"line":6,"column":60}},"loc":{"start":{"line":6,"column":74},"end":{"line":17,"column":5}},"line":6},"3":{"name":"(anonymous_3)","decl":{"start":{"line":37,"column":52},"end":{"line":37,"column":53}},"loc":{"start":{"line":37,"column":72},"end":{"line":68,"column":3}},"line":37},"4":{"name":"(anonymous_4)","decl":{"start":{"line":38,"column":59},"end":{"line":38,"column":60}},"loc":{"start":{"line":38,"column":74},"end":{"line":49,"column":5}},"line":38}},"branchMap":{"0":{"loc":{"start":{"line":8,"column":6},"end":{"line":16,"column":7}},"type":"if","locations":[{"start":{"line":8,"column":6},"end":{"line":16,"column":7}},{"start":{"line":14,"column":13},"end":{"line":16,"column":7}}],"line":8},"1":{"loc":{"start":{"line":40,"column":6},"end":{"line":48,"column":7}},"type":"if","locations":[{"start":{"line":40,"column":6},"end":{"line":48,"column":7}},{"start":{"line":46,"column":13},"end":{"line":48,"column":7}}],"line":40}},"s":{"0":0,"1":0,"2":0,"3":0,"4":0,"5":0,"6":0,"7":0,"8":0,"9":0,"10":0,"11":0,"12":0,"13":0,"14":0,"15":0,"16":0,"17":0,"18":0,"19":0,"20":0,"21":0,"22":0,"23":0,"24":0,"25":0,"26":0,"27":0,"28":0,"29":0,"30":0,"31":0,"32":0,"33":0},"f":{"0":0,"1":0,"2":0,"3":0,"4":0},"b":{"0":[0,0],"1":[0,0]}}
,"/Users/a1/Documents/GitHub/MediSync-Proyecto/src/components/ForgotPassword.jsx": {"path":"/Users/a1/Documents/GitHub/MediSync-Proyecto/src/components/ForgotPassword.jsx","statementMap":{"0":{"start":{"line":7,"column":19},"end":{"line":7,"column":32}},"1":{"start":{"line":11,"column":26},"end":{"line":11,"column":37}},"2":{"start":{"line":14,"column":38},"end":{"line":14,"column":50}},"3":{"start":{"line":15,"column":42},"end":{"line":15,"column":56}},"4":{"start":{"line":16,"column":50},"end":{"line":16,"column":62}},"5":{"start":{"line":17,"column":46},"end":{"line":17,"column":58}},"6":{"start":{"line":18,"column":40},"end":{"line":18,"column":52}},"7":{"start":{"line":19,"column":48},"end":{"line":19,"column":60}},"8":{"start":{"line":22,"column":32},"end":{"line":22,"column":47}},"9":{"start":{"line":23,"column":28},"end":{"line":23,"column":40}},"10":{"start":{"line":24,"column":32},"end":{"line":24,"column":44}},"11":{"start":{"line":25,"column":48},"end":{"line":25,"column":63}},"12":{"start":{"line":26,"column":56},"end":{"line":26,"column":71}},"13":{"start":{"line":29,"column":29},"end":{"line":61,"column":3}},"14":{"start":{"line":30,"column":4},"end":{"line":30,"column":23}},"15":{"start":{"line":31,"column":4},"end":{"line":31,"column":17}},"16":{"start":{"line":32,"column":4},"end":{"line":32,"column":19}},"17":{"start":{"line":33,"column":4},"end":{"line":33,"column":21}},"18":{"start":{"line":35,"column":4},"end":{"line":60,"column":5}},"19":{"start":{"line":36,"column":23},"end":{"line":40,"column":8}},"20":{"start":{"line":41,"column":19},"end":{"line":41,"column":40}},"21":{"start":{"line":43,"column":6},"end":{"line":54,"column":7}},"22":{"start":{"line":45,"column":8},"end":{"line":45,"column":43}},"23":{"start":{"line":46,"column":8},"end":{"line":46,"column":51}},"24":{"start":{"line":47,"column":13},"end":{"line":54,"column":7}},"25":{"start":{"line":49,"column":9},"end":{"line":49,"column":115}},"26":{"start":{"line":53,"column":8},"end":{"line":53,"column":68}},"27":{"start":{"line":56,"column":6},"end":{"line":56,"column":53}},"28":{"start":{"line":57,"column":6},"end":{"line":57,"column":64}},"29":{"start":{"line":64,"column":28},"end":{"line":89,"column":3}},"30":{"start":{"line":66,"column":4},"end":{"line":88,"column":5}},"31":{"start":{"line":67,"column":23},"end":{"line":71,"column":8}},"32":{"start":{"line":72,"column":19},"end":{"line":72,"column":40}},"33":{"start":{"line":74,"column":6},"end":{"line":80,"column":7}},"34":{"start":{"line":75,"column":8},"end":{"line":75,"column":43}},"35":{"start":{"line":76,"column":8},"end":{"line":76,"column":19}},"36":{"start":{"line":79,"column":8},"end":{"line":79,"column":68}},"37":{"start":{"line":82,"column":6},"end":{"line":82,"column":55}},"38":{"start":{"line":83,"column":6},"end":{"line":83,"column":78}},"39":{"start":{"line":85,"column":6},"end":{"line":85,"column":28}},"40":{"start":{"line":87,"column":7},"end":{"line":87,"column":25}},"41":{"start":{"line":93,"column":31},"end":{"line":119,"column":3}},"42":{"start":{"line":94,"column":4},"end":{"line":94,"column":23}},"43":{"start":{"line":95,"column":4},"end":{"line":95,"column":17}},"44":{"start":{"line":96,"column":4},"end":{"line":96,"column":19}},"45":{"start":{"line":97,"column":4},"end":{"line":97,"column":21}},"46":{"start":{"line":99,"column":4},"end":{"line":118,"column":5}},"47":{"start":{"line":100,"column":23},"end":{"line":104,"column":8}},"48":{"start":{"line":105,"column":19},"end":{"line":105,"column":40}},"49":{"start":{"line":107,"column":6},"end":{"line":112,"column":7}},"50":{"start":{"line":108,"column":8},"end":{"line":108,"column":19}},"51":{"start":{"line":111,"column":8},"end":{"line":111,"column":68}},"52":{"start":{"line":114,"column":6},"end":{"line":114,"column":55}},"53":{"start":{"line":115,"column":6},"end":{"line":115,"column":64}},"54":{"start":{"line":117,"column":6},"end":{"line":117,"column":24}},"55":{"start":{"line":122,"column":30},"end":{"line":162,"column":3}},"56":{"start":{"line":123,"column":4},"end":{"line":123,"column":23}},"57":{"start":{"line":124,"column":4},"end":{"line":124,"column":17}},"58":{"start":{"line":125,"column":4},"end":{"line":125,"column":19}},"59":{"start":{"line":128,"column":4},"end":{"line":131,"column":5}},"60":{"start":{"line":129,"column":6},"end":{"line":129,"column":55}},"61":{"start":{"line":130,"column":6},"end":{"line":130,"column":13}},"62":{"start":{"line":133,"column":4},"end":{"line":136,"column":5}},"63":{"start":{"line":134,"column":6},"end":{"line":134,"column":72}},"64":{"start":{"line":135,"column":6},"end":{"line":135,"column":13}},"65":{"start":{"line":138,"column":4},"end":{"line":138,"column":21}},"66":{"start":{"line":140,"column":4},"end":{"line":161,"column":5}},"67":{"start":{"line":141,"column":23},"end":{"line":145,"column":8}},"68":{"start":{"line":146,"column":19},"end":{"line":146,"column":40}},"69":{"start":{"line":148,"column":6},"end":{"line":155,"column":7}},"70":{"start":{"line":149,"column":8},"end":{"line":149,"column":85}},"71":{"start":{"line":150,"column":8},"end":{"line":152,"column":17}},"72":{"start":{"line":151,"column":10},"end":{"line":151,"column":29}},"73":{"start":{"line":154,"column":8},"end":{"line":154,"column":68}},"74":{"start":{"line":157,"column":6},"end":{"line":157,"column":57}},"75":{"start":{"line":158,"column":6},"end":{"line":158,"column":68}},"76":{"start":{"line":160,"column":6},"end":{"line":160,"column":24}},"77":{"start":{"line":166,"column":28},"end":{"line":259,"column":3}},"78":{"start":{"line":167,"column":4},"end":{"line":258,"column":5}},"79":{"start":{"line":170,"column":8},"end":{"line":186,"column":10}},"80":{"start":{"line":178,"column":31},"end":{"line":178,"column":60}},"81":{"start":{"line":190,"column":8},"end":{"line":216,"column":10}},"82":{"start":{"line":204,"column":31},"end":{"line":204,"column":64}},"83":{"start":{"line":212,"column":52},"end":{"line":212,"column":63}},"84":{"start":{"line":212,"column":64},"end":{"line":212,"column":86}},"85":{"start":{"line":212,"column":87},"end":{"line":212,"column":111}},"86":{"start":{"line":212,"column":112},"end":{"line":212,"column":125}},"87":{"start":{"line":220,"column":8},"end":{"line":255,"column":10}},"88":{"start":{"line":230,"column":37},"end":{"line":230,"column":67}},"89":{"start":{"line":233,"column":65},"end":{"line":233,"column":101}},"90":{"start":{"line":244,"column":37},"end":{"line":244,"column":71}},"91":{"start":{"line":247,"column":66},"end":{"line":247,"column":110}},"92":{"start":{"line":257,"column":8},"end":{"line":257,"column":40}},"93":{"start":{"line":261,"column":2},"end":{"line":333,"column":4}}},"fnMap":{"0":{"name":"ForgotPassword","decl":{"start":{"line":6,"column":24},"end":{"line":6,"column":38}},"loc":{"start":{"line":6,"column":41},"end":{"line":334,"column":1}},"line":6},"1":{"name":"(anonymous_1)","decl":{"start":{"line":29,"column":29},"end":{"line":29,"column":30}},"loc":{"start":{"line":29,"column":42},"end":{"line":61,"column":3}},"line":29},"2":{"name":"(anonymous_2)","decl":{"start":{"line":64,"column":28},"end":{"line":64,"column":29}},"loc":{"start":{"line":64,"column":46},"end":{"line":89,"column":3}},"line":64},"3":{"name":"(anonymous_3)","decl":{"start":{"line":93,"column":31},"end":{"line":93,"column":32}},"loc":{"start":{"line":93,"column":44},"end":{"line":119,"column":3}},"line":93},"4":{"name":"(anonymous_4)","decl":{"start":{"line":122,"column":30},"end":{"line":122,"column":31}},"loc":{"start":{"line":122,"column":43},"end":{"line":162,"column":3}},"line":122},"5":{"name":"(anonymous_5)","decl":{"start":{"line":150,"column":19},"end":{"line":150,"column":20}},"loc":{"start":{"line":150,"column":25},"end":{"line":152,"column":9}},"line":150},"6":{"name":"(anonymous_6)","decl":{"start":{"line":166,"column":28},"end":{"line":166,"column":29}},"loc":{"start":{"line":166,"column":34},"end":{"line":259,"column":3}},"line":166},"7":{"name":"(anonymous_7)","decl":{"start":{"line":178,"column":24},"end":{"line":178,"column":25}},"loc":{"start":{"line":178,"column":31},"end":{"line":178,"column":60}},"line":178},"8":{"name":"(anonymous_8)","decl":{"start":{"line":204,"column":24},"end":{"line":204,"column":25}},"loc":{"start":{"line":204,"column":31},"end":{"line":204,"column":64}},"line":204},"9":{"name":"(anonymous_9)","decl":{"start":{"line":212,"column":44},"end":{"line":212,"column":45}},"loc":{"start":{"line":212,"column":50},"end":{"line":212,"column":127}},"line":212},"10":{"name":"(anonymous_10)","decl":{"start":{"line":230,"column":30},"end":{"line":230,"column":31}},"loc":{"start":{"line":230,"column":37},"end":{"line":230,"column":67}},"line":230},"11":{"name":"(anonymous_11)","decl":{"start":{"line":233,"column":59},"end":{"line":233,"column":60}},"loc":{"start":{"line":233,"column":65},"end":{"line":233,"column":101}},"line":233},"12":{"name":"(anonymous_12)","decl":{"start":{"line":244,"column":30},"end":{"line":244,"column":31}},"loc":{"start":{"line":244,"column":37},"end":{"line":244,"column":71}},"line":244},"13":{"name":"(anonymous_13)","decl":{"start":{"line":247,"column":60},"end":{"line":247,"column":61}},"loc":{"start":{"line":247,"column":66},"end":{"line":247,"column":110}},"line":247}},"branchMap":{"0":{"loc":{"start":{"line":43,"column":6},"end":{"line":54,"column":7}},"type":"if","locations":[{"start":{"line":43,"column":6},"end":{"line":54,"column":7}},{"start":{"line":47,"column":13},"end":{"line":54,"column":7}}],"line":43},"1":{"loc":{"start":{"line":43,"column":10},"end":{"line":43,"column":58}},"type":"binary-expr","locations":[{"start":{"line":43,"column":10},"end":{"line":43,"column":21}},{"start":{"line":43,"column":25},"end":{"line":43,"column":37}},{"start":{"line":43,"column":41},"end":{"line":43,"column":58}}],"line":43},"2":{"loc":{"start":{"line":47,"column":13},"end":{"line":54,"column":7}},"type":"if","locations":[{"start":{"line":47,"column":13},"end":{"line":54,"column":7}},{"start":{"line":52,"column":11},"end":{"line":54,"column":7}}],"line":47},"3":{"loc":{"start":{"line":47,"column":17},"end":{"line":47,"column":66}},"type":"binary-expr","locations":[{"start":{"line":47,"column":17},"end":{"line":47,"column":28}},{"start":{"line":47,"column":32},"end":{"line":47,"column":44}},{"start":{"line":47,"column":48},"end":{"line":47,"column":66}}],"line":47},"4":{"loc":{"start":{"line":53,"column":24},"end":{"line":53,"column":66}},"type":"binary-expr","locations":[{"start":{"line":53,"column":24},"end":{"line":53,"column":36}},{"start":{"line":53,"column":40},"end":{"line":53,"column":66}}],"line":53},"5":{"loc":{"start":{"line":57,"column":15},"end":{"line":57,"column":62}},"type":"binary-expr","locations":[{"start":{"line":57,"column":15},"end":{"line":57,"column":26}},{"start":{"line":57,"column":30},"end":{"line":57,"column":62}}],"line":57},"6":{"loc":{"start":{"line":74,"column":6},"end":{"line":80,"column":7}},"type":"if","locations":[{"start":{"line":74,"column":6},"end":{"line":80,"column":7}},{"start":{"line":77,"column":13},"end":{"line":80,"column":7}}],"line":74},"7":{"loc":{"start":{"line":74,"column":10},"end":{"line":74,"column":54}},"type":"binary-expr","locations":[{"start":{"line":74,"column":10},"end":{"line":74,"column":21}},{"start":{"line":74,"column":25},"end":{"line":74,"column":37}},{"start":{"line":74,"column":41},"end":{"line":74,"column":54}}],"line":74},"8":{"loc":{"start":{"line":79,"column":24},"end":{"line":79,"column":66}},"type":"binary-expr","locations":[{"start":{"line":79,"column":24},"end":{"line":79,"column":36}},{"start":{"line":79,"column":40},"end":{"line":79,"column":66}}],"line":79},"9":{"loc":{"start":{"line":83,"column":15},"end":{"line":83,"column":76}},"type":"binary-expr","locations":[{"start":{"line":83,"column":15},"end":{"line":83,"column":26}},{"start":{"line":83,"column":30},"end":{"line":83,"column":76}}],"line":83},"10":{"loc":{"start":{"line":107,"column":6},"end":{"line":112,"column":7}},"type":"if","locations":[{"start":{"line":107,"column":6},"end":{"line":112,"column":7}},{"start":{"line":109,"column":13},"end":{"line":112,"column":7}}],"line":107},"11":{"loc":{"start":{"line":107,"column":10},"end":{"line":107,"column":37}},"type":"binary-expr","locations":[{"start":{"line":107,"column":10},"end":{"line":107,"column":21}},{"start":{"line":107,"column":25},"end":{"line":107,"column":37}}],"line":107},"12":{"loc":{"start":{"line":111,"column":24},"end":{"line":111,"column":66}},"type":"binary-expr","locations":[{"start":{"line":111,"column":24},"end":{"line":111,"column":36}},{"start":{"line":111,"column":40},"end":{"line":111,"column":66}}],"line":111},"13":{"loc":{"start":{"line":115,"column":15},"end":{"line":115,"column":62}},"type":"binary-expr","locations":[{"start":{"line":115,"column":15},"end":{"line":115,"column":26}},{"start":{"line":115,"column":30},"end":{"line":115,"column":62}}],"line":115},"14":{"loc":{"start":{"line":128,"column":4},"end":{"line":131,"column":5}},"type":"if","locations":[{"start":{"line":128,"column":4},"end":{"line":131,"column":5}},{"start":{},"end":{}}],"line":128},"15":{"loc":{"start":{"line":133,"column":4},"end":{"line":136,"column":5}},"type":"if","locations":[{"start":{"line":133,"column":4},"end":{"line":136,"column":5}},{"start":{},"end":{}}],"line":133},"16":{"loc":{"start":{"line":148,"column":6},"end":{"line":155,"column":7}},"type":"if","locations":[{"start":{"line":148,"column":6},"end":{"line":155,"column":7}},{"start":{"line":153,"column":13},"end":{"line":155,"column":7}}],"line":148},"17":{"loc":{"start":{"line":148,"column":10},"end":{"line":148,"column":37}},"type":"binary-expr","locations":[{"start":{"line":148,"column":10},"end":{"line":148,"column":21}},{"start":{"line":148,"column":25},"end":{"line":148,"column":37}}],"line":148},"18":{"loc":{"start":{"line":154,"column":24},"end":{"line":154,"column":66}},"type":"binary-expr","locations":[{"start":{"line":154,"column":24},"end":{"line":154,"column":36}},{"start":{"line":154,"column":40},"end":{"line":154,"column":66}}],"line":154},"19":{"loc":{"start":{"line":158,"column":15},"end":{"line":158,"column":66}},"type":"binary-expr","locations":[{"start":{"line":158,"column":15},"end":{"line":158,"column":26}},{"start":{"line":158,"column":30},"end":{"line":158,"column":66}}],"line":158},"20":{"loc":{"start":{"line":167,"column":4},"end":{"line":258,"column":5}},"type":"switch","locations":[{"start":{"line":169,"column":6},"end":{"line":186,"column":10}},{"start":{"line":189,"column":6},"end":{"line":216,"column":10}},{"start":{"line":219,"column":6},"end":{"line":255,"column":10}},{"start":{"line":256,"column":6},"end":{"line":257,"column":40}}],"line":167},"21":{"loc":{"start":{"line":183,"column":15},"end":{"line":183,"column":55}},"type":"cond-expr","locations":[{"start":{"line":183,"column":25},"end":{"line":183,"column":41}},{"start":{"line":183,"column":44},"end":{"line":183,"column":55}}],"line":183},"22":{"loc":{"start":{"line":209,"column":15},"end":{"line":209,"column":63}},"type":"cond-expr","locations":[{"start":{"line":209,"column":25},"end":{"line":209,"column":39}},{"start":{"line":209,"column":42},"end":{"line":209,"column":63}}],"line":209},"23":{"loc":{"start":{"line":226,"column":26},"end":{"line":226,"column":63}},"type":"cond-expr","locations":[{"start":{"line":226,"column":44},"end":{"line":226,"column":50}},{"start":{"line":226,"column":53},"end":{"line":226,"column":63}}],"line":226},"24":{"loc":{"start":{"line":234,"column":21},"end":{"line":234,"column":103}},"type":"cond-expr","locations":[{"start":{"line":234,"column":39},"end":{"line":234,"column":74}},{"start":{"line":234,"column":77},"end":{"line":234,"column":103}}],"line":234},"25":{"loc":{"start":{"line":240,"column":26},"end":{"line":240,"column":67}},"type":"cond-expr","locations":[{"start":{"line":240,"column":48},"end":{"line":240,"column":54}},{"start":{"line":240,"column":57},"end":{"line":240,"column":67}}],"line":240},"26":{"loc":{"start":{"line":248,"column":21},"end":{"line":248,"column":107}},"type":"cond-expr","locations":[{"start":{"line":248,"column":43},"end":{"line":248,"column":78}},{"start":{"line":248,"column":81},"end":{"line":248,"column":107}}],"line":248},"27":{"loc":{"start":{"line":252,"column":15},"end":{"line":252,"column":68}},"type":"cond-expr","locations":[{"start":{"line":252,"column":25},"end":{"line":252,"column":42}},{"start":{"line":252,"column":45},"end":{"line":252,"column":68}}],"line":252},"28":{"loc":{"start":{"line":269,"column":11},"end":{"line":269,"column":68}},"type":"binary-expr","locations":[{"start":{"line":269,"column":11},"end":{"line":269,"column":16}},{"start":{"line":269,"column":20},"end":{"line":269,"column":68}}],"line":269},"29":{"loc":{"start":{"line":270,"column":11},"end":{"line":270,"column":74}},"type":"binary-expr","locations":[{"start":{"line":270,"column":11},"end":{"line":270,"column":18}},{"start":{"line":270,"column":22},"end":{"line":270,"column":74}}],"line":270},"30":{"loc":{"start":{"line":273,"column":11},"end":{"line":273,"column":42}},"type":"binary-expr","locations":[{"start":{"line":273,"column":11},"end":{"line":273,"column":19}},{"start":{"line":273,"column":23},"end":{"line":273,"column":42}}],"line":273},"31":{"loc":{"start":{"line":277,"column":11},"end":{"line":281,"column":11}},"type":"binary-expr","locations":[{"start":{"line":277,"column":11},"end":{"line":277,"column":19}},{"start":{"line":278,"column":13},"end":{"line":280,"column":19}}],"line":277}},"s":{"0":23,"1":23,"2":23,"3":23,"4":23,"5":23,"6":23,"7":23,"8":23,"9":23,"10":23,"11":23,"12":23,"13":23,"14":3,"15":3,"16":3,"17":3,"18":3,"19":3,"20":3,"21":3,"22":3,"23":3,"24":0,"25":0,"26":0,"27":0,"28":0,"29":23,"30":3,"31":3,"32":3,"33":3,"34":3,"35":3,"36":0,"37":0,"38":0,"39":0,"40":3,"41":23,"42":2,"43":2,"44":2,"45":2,"46":2,"47":2,"48":2,"49":2,"50":2,"51":0,"52":0,"53":0,"54":2,"55":23,"56":1,"57":1,"58":1,"59":1,"60":0,"61":0,"62":1,"63":0,"64":0,"65":1,"66":1,"67":1,"68":1,"69":1,"70":1,"71":1,"72":0,"73":0,"74":0,"75":0,"76":1,"77":23,"78":22,"79":10,"80":3,"81":7,"82":2,"83":0,"84":0,"85":0,"86":0,"87":5,"88":1,"89":0,"90":1,"91":0,"92":0,"93":23},"f":{"0":23,"1":3,"2":3,"3":2,"4":1,"5":0,"6":22,"7":3,"8":2,"9":0,"10":1,"11":0,"12":1,"13":0},"b":{"0":[3,0],"1":[3,3,3],"2":[0,0],"3":[0,0,0],"4":[0,0],"5":[0,0],"6":[3,0],"7":[3,3,3],"8":[0,0],"9":[0,0],"10":[2,0],"11":[2,2],"12":[0,0],"13":[0,0],"14":[0,1],"15":[0,1],"16":[1,0],"17":[1,1],"18":[0,0],"19":[0,0],"20":[10,7,5,0],"21":[3,7],"22":[2,5],"23":[0,5],"24":[0,5],"25":[0,5],"26":[0,5],"27":[1,4],"28":[23,0],"29":[23,1],"30":[23,22],"31":[23,22]},"_coverageSchema":"1a1c01bbd47fc00a2c39e90264f33305004495a9","hash":"ab8120828583f98a124699186f38effd36ae42f3"}
,"/Users/a1/Documents/GitHub/MediSync-Proyecto/src/components/Login.jsx": {"path":"/Users/a1/Documents/GitHub/MediSync-Proyecto/src/components/Login.jsx","statementMap":{"0":{"start":{"line":7,"column":38},"end":{"line":7,"column":50}},"1":{"start":{"line":8,"column":34},"end":{"line":8,"column":46}},"2":{"start":{"line":9,"column":42},"end":{"line":9,"column":57}},"3":{"start":{"line":10,"column":28},"end":{"line":10,"column":40}},"4":{"start":{"line":11,"column":32},"end":{"line":11,"column":47}},"5":{"start":{"line":12,"column":32},"end":{"line":12,"column":44}},"6":{"start":{"line":14,"column":19},"end":{"line":14,"column":32}},"7":{"start":{"line":17,"column":2},"end":{"line":23,"column":9}},"8":{"start":{"line":18,"column":20},"end":{"line":18,"column":58}},"9":{"start":{"line":19,"column":4},"end":{"line":22,"column":5}},"10":{"start":{"line":20,"column":6},"end":{"line":20,"column":26}},"11":{"start":{"line":21,"column":6},"end":{"line":21,"column":48}},"12":{"start":{"line":25,"column":23},"end":{"line":55,"column":3}},"13":{"start":{"line":26,"column":4},"end":{"line":26,"column":27}},"14":{"start":{"line":27,"column":4},"end":{"line":27,"column":17}},"15":{"start":{"line":28,"column":4},"end":{"line":28,"column":21}},"16":{"start":{"line":30,"column":4},"end":{"line":54,"column":5}},"17":{"start":{"line":31,"column":23},"end":{"line":38,"column":8}},"18":{"start":{"line":40,"column":19},"end":{"line":40,"column":40}},"19":{"start":{"line":42,"column":6},"end":{"line":48,"column":7}},"20":{"start":{"line":43,"column":8},"end":{"line":43,"column":64}},"21":{"start":{"line":44,"column":8},"end":{"line":44,"column":29}},"22":{"start":{"line":46,"column":8},"end":{"line":46,"column":89}},"23":{"start":{"line":47,"column":8},"end":{"line":47,"column":86}},"24":{"start":{"line":50,"column":6},"end":{"line":50,"column":56}},"25":{"start":{"line":51,"column":6},"end":{"line":51,"column":98}},"26":{"start":{"line":53,"column":6},"end":{"line":53,"column":24}},"27":{"start":{"line":57,"column":2},"end":{"line":123,"column":4}},"28":{"start":{"line":73,"column":29},"end":{"line":73,"column":58}},"29":{"start":{"line":84,"column":31},"end":{"line":84,"column":58}},"30":{"start":{"line":88,"column":61},"end":{"line":88,"column":91}}},"fnMap":{"0":{"name":"Login","decl":{"start":{"line":6,"column":24},"end":{"line":6,"column":29}},"loc":{"start":{"line":6,"column":32},"end":{"line":124,"column":1}},"line":6},"1":{"name":"(anonymous_1)","decl":{"start":{"line":17,"column":12},"end":{"line":17,"column":13}},"loc":{"start":{"line":17,"column":18},"end":{"line":23,"column":3}},"line":17},"2":{"name":"(anonymous_2)","decl":{"start":{"line":25,"column":23},"end":{"line":25,"column":24}},"loc":{"start":{"line":25,"column":40},"end":{"line":55,"column":3}},"line":25},"3":{"name":"(anonymous_3)","decl":{"start":{"line":73,"column":22},"end":{"line":73,"column":23}},"loc":{"start":{"line":73,"column":29},"end":{"line":73,"column":58}},"line":73},"4":{"name":"(anonymous_4)","decl":{"start":{"line":84,"column":24},"end":{"line":84,"column":25}},"loc":{"start":{"line":84,"column":31},"end":{"line":84,"column":58}},"line":84},"5":{"name":"(anonymous_5)","decl":{"start":{"line":88,"column":55},"end":{"line":88,"column":56}},"loc":{"start":{"line":88,"column":61},"end":{"line":88,"column":91}},"line":88}},"branchMap":{"0":{"loc":{"start":{"line":19,"column":4},"end":{"line":22,"column":5}},"type":"if","locations":[{"start":{"line":19,"column":4},"end":{"line":22,"column":5}},{"start":{},"end":{}}],"line":19},"1":{"loc":{"start":{"line":42,"column":6},"end":{"line":48,"column":7}},"type":"if","locations":[{"start":{"line":42,"column":6},"end":{"line":48,"column":7}},{"start":{"line":45,"column":13},"end":{"line":48,"column":7}}],"line":42},"2":{"loc":{"start":{"line":42,"column":10},"end":{"line":42,"column":37}},"type":"binary-expr","locations":[{"start":{"line":42,"column":10},"end":{"line":42,"column":21}},{"start":{"line":42,"column":25},"end":{"line":42,"column":37}}],"line":42},"3":{"loc":{"start":{"line":46,"column":17},"end":{"line":46,"column":87}},"type":"binary-expr","locations":[{"start":{"line":46,"column":17},"end":{"line":46,"column":29}},{"start":{"line":46,"column":33},"end":{"line":46,"column":87}}],"line":46},"4":{"loc":{"start":{"line":47,"column":41},"end":{"line":47,"column":84}},"type":"binary-expr","locations":[{"start":{"line":47,"column":41},"end":{"line":47,"column":53}},{"start":{"line":47,"column":57},"end":{"line":47,"column":84}}],"line":47},"5":{"loc":{"start":{"line":64,"column":9},"end":{"line":64,"column":56}},"type":"binary-expr","locations":[{"start":{"line":64,"column":9},"end":{"line":64,"column":16}},{"start":{"line":64,"column":20},"end":{"line":64,"column":56}}],"line":64},"6":{"loc":{"start":{"line":80,"column":20},"end":{"line":80,"column":54}},"type":"cond-expr","locations":[{"start":{"line":80,"column":35},"end":{"line":80,"column":41}},{"start":{"line":80,"column":44},"end":{"line":80,"column":54}}],"line":80},"7":{"loc":{"start":{"line":89,"column":15},"end":{"line":89,"column":94}},"type":"cond-expr","locations":[{"start":{"line":89,"column":30},"end":{"line":89,"column":65}},{"start":{"line":89,"column":68},"end":{"line":89,"column":94}}],"line":89},"8":{"loc":{"start":{"line":93,"column":11},"end":{"line":93,"column":102}},"type":"binary-expr","locations":[{"start":{"line":93,"column":11},"end":{"line":93,"column":16}},{"start":{"line":93,"column":20},"end":{"line":93,"column":102}}],"line":93},"9":{"loc":{"start":{"line":100,"column":13},"end":{"line":100,"column":55}},"type":"cond-expr","locations":[{"start":{"line":100,"column":23},"end":{"line":100,"column":36}},{"start":{"line":100,"column":39},"end":{"line":100,"column":55}}],"line":100}},"s":{"0":17,"1":17,"2":17,"3":17,"4":17,"5":17,"6":17,"7":17,"8":9,"9":9,"10":1,"11":1,"12":17,"13":1,"14":1,"15":1,"16":1,"17":1,"18":1,"19":1,"20":1,"21":1,"22":0,"23":0,"24":0,"25":0,"26":1,"27":17,"28":2,"29":2,"30":2},"f":{"0":17,"1":9,"2":1,"3":2,"4":2,"5":2},"b":{"0":[1,8],"1":[1,0],"2":[1,1],"3":[0,0],"4":[0,0],"5":[17,1],"6":[1,16],"7":[1,16],"8":[17,0],"9":[1,16]},"_coverageSchema":"1a1c01bbd47fc00a2c39e90264f33305004495a9","hash":"d6791212b3fe5ecda28c792a8f273c7eb84bb3ca"}
,"/Users/a1/Documents/GitHub/MediSync-Proyecto/src/components/Navbar.jsx": {"path":"/Users/a1/Documents/GitHub/MediSync-Proyecto/src/components/Navbar.jsx","statementMap":{"0":{"start":{"line":5,"column":2},"end":{"line":19,"column":4}}},"fnMap":{"0":{"name":"Navbar","decl":{"start":{"line":4,"column":24},"end":{"line":4,"column":30}},"loc":{"start":{"line":4,"column":65},"end":{"line":20,"column":1}},"line":4}},"branchMap":{"0":{"loc":{"start":{"line":15,"column":11},"end":{"line":15,"column":36}},"type":"cond-expr","locations":[{"start":{"line":15,"column":27},"end":{"line":15,"column":30}},{"start":{"line":15,"column":33},"end":{"line":15,"column":36}}],"line":15}},"s":{"0":8},"f":{"0":8},"b":{"0":[2,6]},"_coverageSchema":"1a1c01bbd47fc00a2c39e90264f33305004495a9","hash":"f46c8fc1f9445083b08a37124474324836eaa2c2"}
,"/Users/a1/Documents/GitHub/MediSync-Proyecto/src/components/Profile.jsx": {"path":"/Users/a1/Documents/GitHub/MediSync-Proyecto/src/components/Profile.jsx","statementMap":{"0":{"start":{"line":7,"column":19},"end":{"line":7,"column":32}},"1":{"start":{"line":8,"column":34},"end":{"line":8,"column":48}},"2":{"start":{"line":9,"column":34},"end":{"line":11,"column":4}},"3":{"start":{"line":12,"column":36},"end":{"line":12,"column":51}},"4":{"start":{"line":13,"column":32},"end":{"line":13,"column":46}},"5":{"start":{"line":14,"column":28},"end":{"line":14,"column":40}},"6":{"start":{"line":15,"column":32},"end":{"line":15,"column":44}},"7":{"start":{"line":18,"column":2},"end":{"line":43,"column":17}},"8":{"start":{"line":19,"column":25},"end":{"line":41,"column":5}},"9":{"start":{"line":20,"column":6},"end":{"line":20,"column":19}},"10":{"start":{"line":20,"column":20},"end":{"line":20,"column":35}},"11":{"start":{"line":20,"column":36},"end":{"line":20,"column":53}},"12":{"start":{"line":21,"column":6},"end":{"line":40,"column":38}},"13":{"start":{"line":22,"column":25},"end":{"line":24,"column":10}},"14":{"start":{"line":25,"column":8},"end":{"line":29,"column":9}},"15":{"start":{"line":26,"column":10},"end":{"line":26,"column":70}},"16":{"start":{"line":26,"column":41},"end":{"line":26,"column":60}},"17":{"start":{"line":26,"column":61},"end":{"line":26,"column":68}},"18":{"start":{"line":27,"column":28},"end":{"line":27,"column":49}},"19":{"start":{"line":28,"column":10},"end":{"line":28,"column":75}},"20":{"start":{"line":30,"column":21},"end":{"line":30,"column":42}},"21":{"start":{"line":31,"column":8},"end":{"line":38,"column":99}},"22":{"start":{"line":32,"column":10},"end":{"line":32,"column":33}},"23":{"start":{"line":33,"column":32},"end":{"line":33,"column":128}},"24":{"start":{"line":34,"column":10},"end":{"line":37,"column":13}},"25":{"start":{"line":38,"column":17},"end":{"line":38,"column":97}},"26":{"start":{"line":39,"column":22},"end":{"line":39,"column":68}},"27":{"start":{"line":39,"column":69},"end":{"line":39,"column":120}},"28":{"start":{"line":40,"column":18},"end":{"line":40,"column":36}},"29":{"start":{"line":42,"column":4},"end":{"line":42,"column":19}},"30":{"start":{"line":45,"column":23},"end":{"line":49,"column":3}},"31":{"start":{"line":46,"column":28},"end":{"line":46,"column":36}},"32":{"start":{"line":47,"column":4},"end":{"line":47,"column":64}},"33":{"start":{"line":47,"column":31},"end":{"line":47,"column":61}},"34":{"start":{"line":48,"column":4},"end":{"line":48,"column":17}},"35":{"start":{"line":48,"column":18},"end":{"line":48,"column":33}},"36":{"start":{"line":51,"column":23},"end":{"line":72,"column":3}},"37":{"start":{"line":53,"column":4},"end":{"line":53,"column":38}},"38":{"start":{"line":53,"column":15},"end":{"line":53,"column":38}},"39":{"start":{"line":54,"column":4},"end":{"line":54,"column":17}},"40":{"start":{"line":54,"column":18},"end":{"line":54,"column":33}},"41":{"start":{"line":54,"column":34},"end":{"line":54,"column":51}},"42":{"start":{"line":55,"column":26},"end":{"line":59,"column":5}},"43":{"start":{"line":60,"column":4},"end":{"line":71,"column":36}},"44":{"start":{"line":61,"column":23},"end":{"line":64,"column":8}},"45":{"start":{"line":65,"column":19},"end":{"line":65,"column":40}},"46":{"start":{"line":66,"column":6},"end":{"line":69,"column":77}},"47":{"start":{"line":67,"column":8},"end":{"line":67,"column":65}},"48":{"start":{"line":67,"column":33},"end":{"line":67,"column":62}},"49":{"start":{"line":68,"column":8},"end":{"line":68,"column":55}},"50":{"start":{"line":68,"column":56},"end":{"line":68,"column":76}},"51":{"start":{"line":69,"column":15},"end":{"line":69,"column":75}},"52":{"start":{"line":70,"column":20},"end":{"line":70,"column":70}},"53":{"start":{"line":70,"column":71},"end":{"line":70,"column":119}},"54":{"start":{"line":71,"column":16},"end":{"line":71,"column":34}},"55":{"start":{"line":74,"column":23},"end":{"line":91,"column":3}},"56":{"start":{"line":75,"column":4},"end":{"line":75,"column":17}},"57":{"start":{"line":75,"column":18},"end":{"line":75,"column":33}},"58":{"start":{"line":76,"column":4},"end":{"line":90,"column":5}},"59":{"start":{"line":77,"column":6},"end":{"line":77,"column":23}},"60":{"start":{"line":78,"column":6},"end":{"line":89,"column":38}},"61":{"start":{"line":79,"column":25},"end":{"line":81,"column":10}},"62":{"start":{"line":82,"column":21},"end":{"line":82,"column":42}},"63":{"start":{"line":83,"column":8},"end":{"line":87,"column":77}},"64":{"start":{"line":84,"column":10},"end":{"line":84,"column":69}},"65":{"start":{"line":85,"column":10},"end":{"line":85,"column":29}},"66":{"start":{"line":87,"column":15},"end":{"line":87,"column":75}},"67":{"start":{"line":88,"column":22},"end":{"line":88,"column":70}},"68":{"start":{"line":88,"column":71},"end":{"line":88,"column":117}},"69":{"start":{"line":89,"column":18},"end":{"line":89,"column":36}},"70":{"start":{"line":93,"column":23},"end":{"line":104,"column":3}},"71":{"start":{"line":94,"column":4},"end":{"line":94,"column":17}},"72":{"start":{"line":94,"column":18},"end":{"line":94,"column":33}},"73":{"start":{"line":94,"column":34},"end":{"line":94,"column":51}},"74":{"start":{"line":95,"column":4},"end":{"line":103,"column":36}},"75":{"start":{"line":96,"column":23},"end":{"line":98,"column":8}},"76":{"start":{"line":99,"column":19},"end":{"line":99,"column":40}},"77":{"start":{"line":100,"column":6},"end":{"line":101,"column":75}},"78":{"start":{"line":100,"column":41},"end":{"line":100,"column":71}},"79":{"start":{"line":100,"column":72},"end":{"line":100,"column":91}},"80":{"start":{"line":101,"column":13},"end":{"line":101,"column":73}},"81":{"start":{"line":102,"column":20},"end":{"line":102,"column":66}},"82":{"start":{"line":102,"column":67},"end":{"line":102,"column":118}},"83":{"start":{"line":102,"column":119},"end":{"line":102,"column":138}},"84":{"start":{"line":103,"column":16},"end":{"line":103,"column":34}},"85":{"start":{"line":107,"column":2},"end":{"line":107,"column":95}},"86":{"start":{"line":107,"column":28},"end":{"line":107,"column":95}},"87":{"start":{"line":108,"column":2},"end":{"line":108,"column":114}},"88":{"start":{"line":108,"column":26},"end":{"line":108,"column":114}},"89":{"start":{"line":109,"column":2},"end":{"line":109,"column":91}},"90":{"start":{"line":109,"column":17},"end":{"line":109,"column":91}},"91":{"start":{"line":111,"column":2},"end":{"line":197,"column":4}},"92":{"start":{"line":170,"column":92},"end":{"line":170,"column":111}},"93":{"start":{"line":175,"column":88},"end":{"line":175,"column":106}}},"fnMap":{"0":{"name":"Profile","decl":{"start":{"line":6,"column":24},"end":{"line":6,"column":31}},"loc":{"start":{"line":6,"column":34},"end":{"line":198,"column":1}},"line":6},"1":{"name":"(anonymous_1)","decl":{"start":{"line":18,"column":12},"end":{"line":18,"column":13}},"loc":{"start":{"line":18,"column":18},"end":{"line":43,"column":3}},"line":18},"2":{"name":"(anonymous_2)","decl":{"start":{"line":19,"column":25},"end":{"line":19,"column":26}},"loc":{"start":{"line":19,"column":37},"end":{"line":41,"column":5}},"line":19},"3":{"name":"(anonymous_3)","decl":{"start":{"line":45,"column":23},"end":{"line":45,"column":24}},"loc":{"start":{"line":45,"column":30},"end":{"line":49,"column":3}},"line":45},"4":{"name":"(anonymous_4)","decl":{"start":{"line":47,"column":16},"end":{"line":47,"column":17}},"loc":{"start":{"line":47,"column":31},"end":{"line":47,"column":61}},"line":47},"5":{"name":"(anonymous_5)","decl":{"start":{"line":51,"column":23},"end":{"line":51,"column":24}},"loc":{"start":{"line":51,"column":40},"end":{"line":72,"column":3}},"line":51},"6":{"name":"(anonymous_6)","decl":{"start":{"line":67,"column":20},"end":{"line":67,"column":21}},"loc":{"start":{"line":67,"column":33},"end":{"line":67,"column":62}},"line":67},"7":{"name":"(anonymous_7)","decl":{"start":{"line":74,"column":23},"end":{"line":74,"column":24}},"loc":{"start":{"line":74,"column":35},"end":{"line":91,"column":3}},"line":74},"8":{"name":"(anonymous_8)","decl":{"start":{"line":93,"column":23},"end":{"line":93,"column":24}},"loc":{"start":{"line":93,"column":35},"end":{"line":104,"column":3}},"line":93},"9":{"name":"(anonymous_9)","decl":{"start":{"line":170,"column":86},"end":{"line":170,"column":87}},"loc":{"start":{"line":170,"column":92},"end":{"line":170,"column":111}},"line":170},"10":{"name":"(anonymous_10)","decl":{"start":{"line":175,"column":82},"end":{"line":175,"column":83}},"loc":{"start":{"line":175,"column":88},"end":{"line":175,"column":106}},"line":175}},"branchMap":{"0":{"loc":{"start":{"line":25,"column":8},"end":{"line":29,"column":9}},"type":"if","locations":[{"start":{"line":25,"column":8},"end":{"line":29,"column":9}},{"start":{},"end":{}}],"line":25},"1":{"loc":{"start":{"line":26,"column":10},"end":{"line":26,"column":70}},"type":"if","locations":[{"start":{"line":26,"column":10},"end":{"line":26,"column":70}},{"start":{},"end":{}}],"line":26},"2":{"loc":{"start":{"line":28,"column":26},"end":{"line":28,"column":73}},"type":"binary-expr","locations":[{"start":{"line":28,"column":26},"end":{"line":28,"column":43}},{"start":{"line":28,"column":47},"end":{"line":28,"column":73}}],"line":28},"3":{"loc":{"start":{"line":31,"column":8},"end":{"line":38,"column":99}},"type":"if","locations":[{"start":{"line":31,"column":8},"end":{"line":38,"column":99}},{"start":{"line":38,"column":15},"end":{"line":38,"column":99}}],"line":31},"4":{"loc":{"start":{"line":31,"column":12},"end":{"line":31,"column":37}},"type":"binary-expr","locations":[{"start":{"line":31,"column":12},"end":{"line":31,"column":24}},{"start":{"line":31,"column":28},"end":{"line":31,"column":37}}],"line":31},"5":{"loc":{"start":{"line":33,"column":32},"end":{"line":33,"column":128}},"type":"cond-expr","locations":[{"start":{"line":33,"column":60},"end":{"line":33,"column":123}},{"start":{"line":33,"column":126},"end":{"line":33,"column":128}}],"line":33},"6":{"loc":{"start":{"line":35,"column":20},"end":{"line":35,"column":42}},"type":"binary-expr","locations":[{"start":{"line":35,"column":20},"end":{"line":35,"column":36}},{"start":{"line":35,"column":40},"end":{"line":35,"column":42}}],"line":35},"7":{"loc":{"start":{"line":35,"column":54},"end":{"line":35,"column":78}},"type":"binary-expr","locations":[{"start":{"line":35,"column":54},"end":{"line":35,"column":72}},{"start":{"line":35,"column":76},"end":{"line":35,"column":78}}],"line":35},"8":{"loc":{"start":{"line":36,"column":54},"end":{"line":36,"column":78}},"type":"binary-expr","locations":[{"start":{"line":36,"column":54},"end":{"line":36,"column":72}},{"start":{"line":36,"column":76},"end":{"line":36,"column":78}}],"line":36},"9":{"loc":{"start":{"line":36,"column":91},"end":{"line":36,"column":116}},"type":"binary-expr","locations":[{"start":{"line":36,"column":91},"end":{"line":36,"column":110}},{"start":{"line":36,"column":114},"end":{"line":36,"column":116}}],"line":36},"10":{"loc":{"start":{"line":38,"column":33},"end":{"line":38,"column":95}},"type":"binary-expr","locations":[{"start":{"line":38,"column":33},"end":{"line":38,"column":45}},{"start":{"line":38,"column":49},"end":{"line":38,"column":95}}],"line":38},"11":{"loc":{"start":{"line":53,"column":4},"end":{"line":53,"column":38}},"type":"if","locations":[{"start":{"line":53,"column":4},"end":{"line":53,"column":38}},{"start":{},"end":{}}],"line":53},"12":{"loc":{"start":{"line":57,"column":23},"end":{"line":57,"column":55}},"type":"binary-expr","locations":[{"start":{"line":57,"column":23},"end":{"line":57,"column":47}},{"start":{"line":57,"column":51},"end":{"line":57,"column":55}}],"line":57},"13":{"loc":{"start":{"line":66,"column":6},"end":{"line":69,"column":77}},"type":"if","locations":[{"start":{"line":66,"column":6},"end":{"line":69,"column":77}},{"start":{"line":69,"column":13},"end":{"line":69,"column":77}}],"line":66},"14":{"loc":{"start":{"line":66,"column":10},"end":{"line":66,"column":37}},"type":"binary-expr","locations":[{"start":{"line":66,"column":10},"end":{"line":66,"column":21}},{"start":{"line":66,"column":25},"end":{"line":66,"column":37}}],"line":66},"15":{"loc":{"start":{"line":69,"column":31},"end":{"line":69,"column":73}},"type":"binary-expr","locations":[{"start":{"line":69,"column":31},"end":{"line":69,"column":43}},{"start":{"line":69,"column":47},"end":{"line":69,"column":73}}],"line":69},"16":{"loc":{"start":{"line":76,"column":4},"end":{"line":90,"column":5}},"type":"if","locations":[{"start":{"line":76,"column":4},"end":{"line":90,"column":5}},{"start":{},"end":{}}],"line":76},"17":{"loc":{"start":{"line":83,"column":8},"end":{"line":87,"column":77}},"type":"if","locations":[{"start":{"line":83,"column":8},"end":{"line":87,"column":77}},{"start":{"line":87,"column":13},"end":{"line":87,"column":77}}],"line":83},"18":{"loc":{"start":{"line":83,"column":12},"end":{"line":83,"column":39}},"type":"binary-expr","locations":[{"start":{"line":83,"column":12},"end":{"line":83,"column":23}},{"start":{"line":83,"column":27},"end":{"line":83,"column":39}}],"line":83},"19":{"loc":{"start":{"line":87,"column":31},"end":{"line":87,"column":73}},"type":"binary-expr","locations":[{"start":{"line":87,"column":31},"end":{"line":87,"column":43}},{"start":{"line":87,"column":47},"end":{"line":87,"column":73}}],"line":87},"20":{"loc":{"start":{"line":100,"column":6},"end":{"line":101,"column":75}},"type":"if","locations":[{"start":{"line":100,"column":6},"end":{"line":101,"column":75}},{"start":{"line":101,"column":11},"end":{"line":101,"column":75}}],"line":100},"21":{"loc":{"start":{"line":100,"column":10},"end":{"line":100,"column":37}},"type":"binary-expr","locations":[{"start":{"line":100,"column":10},"end":{"line":100,"column":21}},{"start":{"line":100,"column":25},"end":{"line":100,"column":37}}],"line":100},"22":{"loc":{"start":{"line":101,"column":29},"end":{"line":101,"column":71}},"type":"binary-expr","locations":[{"start":{"line":101,"column":29},"end":{"line":101,"column":41}},{"start":{"line":101,"column":45},"end":{"line":101,"column":71}}],"line":101},"23":{"loc":{"start":{"line":107,"column":2},"end":{"line":107,"column":95}},"type":"if","locations":[{"start":{"line":107,"column":2},"end":{"line":107,"column":95}},{"start":{},"end":{}}],"line":107},"24":{"loc":{"start":{"line":107,"column":6},"end":{"line":107,"column":26}},"type":"binary-expr","locations":[{"start":{"line":107,"column":6},"end":{"line":107,"column":13}},{"start":{"line":107,"column":17},"end":{"line":107,"column":26}}],"line":107},"25":{"loc":{"start":{"line":108,"column":2},"end":{"line":108,"column":114}},"type":"if","locations":[{"start":{"line":108,"column":2},"end":{"line":108,"column":114}},{"start":{},"end":{}}],"line":108},"26":{"loc":{"start":{"line":108,"column":6},"end":{"line":108,"column":24}},"type":"binary-expr","locations":[{"start":{"line":108,"column":6},"end":{"line":108,"column":11}},{"start":{"line":108,"column":15},"end":{"line":108,"column":24}}],"line":108},"27":{"loc":{"start":{"line":109,"column":2},"end":{"line":109,"column":91}},"type":"if","locations":[{"start":{"line":109,"column":2},"end":{"line":109,"column":91}},{"start":{},"end":{}}],"line":109},"28":{"loc":{"start":{"line":116,"column":9},"end":{"line":116,"column":66}},"type":"binary-expr","locations":[{"start":{"line":116,"column":9},"end":{"line":116,"column":14}},{"start":{"line":116,"column":18},"end":{"line":116,"column":66}}],"line":116},"29":{"loc":{"start":{"line":117,"column":9},"end":{"line":117,"column":72}},"type":"binary-expr","locations":[{"start":{"line":117,"column":9},"end":{"line":117,"column":16}},{"start":{"line":117,"column":20},"end":{"line":117,"column":72}}],"line":117},"30":{"loc":{"start":{"line":127,"column":15},"end":{"line":127,"column":221}},"type":"cond-expr","locations":[{"start":{"line":127,"column":29},"end":{"line":127,"column":161}},{"start":{"line":127,"column":168},"end":{"line":127,"column":219}}],"line":127},"31":{"loc":{"start":{"line":127,"column":175},"end":{"line":127,"column":211}},"type":"binary-expr","locations":[{"start":{"line":127,"column":175},"end":{"line":127,"column":190}},{"start":{"line":127,"column":194},"end":{"line":127,"column":211}}],"line":127},"32":{"loc":{"start":{"line":132,"column":17},"end":{"line":132,"column":217}},"type":"cond-expr","locations":[{"start":{"line":132,"column":31},"end":{"line":132,"column":155}},{"start":{"line":132,"column":162},"end":{"line":132,"column":215}}],"line":132},"33":{"loc":{"start":{"line":132,"column":169},"end":{"line":132,"column":207}},"type":"binary-expr","locations":[{"start":{"line":132,"column":169},"end":{"line":132,"column":186}},{"start":{"line":132,"column":190},"end":{"line":132,"column":207}}],"line":132},"34":{"loc":{"start":{"line":138,"column":17},"end":{"line":138,"column":237}},"type":"cond-expr","locations":[{"start":{"line":138,"column":31},"end":{"line":138,"column":168}},{"start":{"line":138,"column":175},"end":{"line":138,"column":235}}],"line":138},"35":{"loc":{"start":{"line":138,"column":182},"end":{"line":138,"column":227}},"type":"binary-expr","locations":[{"start":{"line":138,"column":182},"end":{"line":138,"column":206}},{"start":{"line":138,"column":210},"end":{"line":138,"column":227}}],"line":138},"36":{"loc":{"start":{"line":143,"column":16},"end":{"line":143,"column":228}},"type":"cond-expr","locations":[{"start":{"line":143,"column":30},"end":{"line":143,"column":166}},{"start":{"line":143,"column":173},"end":{"line":143,"column":226}}],"line":143},"37":{"loc":{"start":{"line":143,"column":180},"end":{"line":143,"column":218}},"type":"binary-expr","locations":[{"start":{"line":143,"column":180},"end":{"line":143,"column":197}},{"start":{"line":143,"column":201},"end":{"line":143,"column":218}}],"line":143},"38":{"loc":{"start":{"line":147,"column":16},"end":{"line":147,"column":233}},"type":"cond-expr","locations":[{"start":{"line":147,"column":30},"end":{"line":147,"column":170}},{"start":{"line":147,"column":177},"end":{"line":147,"column":231}}],"line":147},"39":{"loc":{"start":{"line":147,"column":184},"end":{"line":147,"column":223}},"type":"binary-expr","locations":[{"start":{"line":147,"column":184},"end":{"line":147,"column":202}},{"start":{"line":147,"column":206},"end":{"line":147,"column":223}}],"line":147},"40":{"loc":{"start":{"line":152,"column":89},"end":{"line":152,"column":171}},"type":"cond-expr","locations":[{"start":{"line":152,"column":113},"end":{"line":152,"column":161}},{"start":{"line":152,"column":164},"end":{"line":152,"column":171}}],"line":152},"41":{"loc":{"start":{"line":164,"column":18},"end":{"line":178,"column":18}},"type":"cond-expr","locations":[{"start":{"line":165,"column":19},"end":{"line":173,"column":22}},{"start":{"line":175,"column":19},"end":{"line":177,"column":28}}],"line":164},"42":{"loc":{"start":{"line":168,"column":24},"end":{"line":168,"column":68}},"type":"cond-expr","locations":[{"start":{"line":168,"column":34},"end":{"line":168,"column":48}},{"start":{"line":168,"column":51},"end":{"line":168,"column":68}}],"line":168},"43":{"loc":{"start":{"line":186,"column":20},"end":{"line":186,"column":61}},"type":"cond-expr","locations":[{"start":{"line":186,"column":30},"end":{"line":186,"column":43}},{"start":{"line":186,"column":46},"end":{"line":186,"column":61}}],"line":186},"44":{"loc":{"start":{"line":189,"column":20},"end":{"line":189,"column":65}},"type":"cond-expr","locations":[{"start":{"line":189,"column":30},"end":{"line":189,"column":45}},{"start":{"line":189,"column":48},"end":{"line":189,"column":65}}],"line":189}},"s":{"0":18,"1":18,"2":18,"3":18,"4":18,"5":18,"6":18,"7":18,"8":5,"9":5,"10":5,"11":5,"12":5,"13":5,"14":5,"15":0,"16":0,"17":0,"18":0,"19":0,"20":5,"21":5,"22":5,"23":5,"24":5,"25":0,"26":0,"27":0,"28":5,"29":5,"30":18,"31":2,"32":2,"33":2,"34":2,"35":2,"36":18,"37":1,"38":1,"39":1,"40":1,"41":1,"42":1,"43":1,"44":1,"45":1,"46":1,"47":1,"48":1,"49":1,"50":1,"51":0,"52":0,"53":0,"54":1,"55":18,"56":1,"57":1,"58":1,"59":1,"60":1,"61":1,"62":1,"63":1,"64":1,"65":1,"66":0,"67":0,"68":0,"69":1,"70":18,"71":1,"72":1,"73":1,"74":1,"75":1,"76":1,"77":1,"78":1,"79":1,"80":0,"81":0,"82":0,"83":0,"84":1,"85":18,"86":5,"87":13,"88":0,"89":13,"90":0,"91":13,"92":0,"93":2},"f":{"0":18,"1":5,"2":5,"3":2,"4":2,"5":1,"6":1,"7":1,"8":1,"9":0,"10":2},"b":{"0":[0,5],"1":[0,0],"2":[0,0],"3":[5,0],"4":[5,5],"5":[5,0],"6":[5,0],"7":[5,0],"8":[5,0],"9":[5,0],"10":[0,0],"11":[1,0],"12":[1,0],"13":[1,0],"14":[1,1],"15":[0,0],"16":[1,0],"17":[1,0],"18":[1,1],"19":[0,0],"20":[1,0],"21":[1,1],"22":[0,0],"23":[5,13],"24":[18,8],"25":[0,13],"26":[13,0],"27":[0,13],"28":[13,0],"29":[13,1],"30":[5,8],"31":[8,0],"32":[5,8],"33":[8,0],"34":[5,8],"35":[8,0],"36":[5,8],"37":[8,0],"38":[5,8],"39":[8,0],"40":[13,0],"41":[5,8],"42":[1,4],"43":[3,10],"44":[3,10]},"_coverageSchema":"1a1c01bbd47fc00a2c39e90264f33305004495a9","hash":"b9ec25248618a41cfd959232361653acfcd06e5c"}
,"/Users/a1/Documents/GitHub/MediSync-Proyecto/src/components/Register.jsx": {"path":"/Users/a1/Documents/GitHub/MediSync-Proyecto/src/components/Register.jsx","statementMap":{"0":{"start":{"line":9,"column":19},"end":{"line":9,"column":32}},"1":{"start":{"line":12,"column":34},"end":{"line":20,"column":4}},"2":{"start":{"line":23,"column":42},"end":{"line":23,"column":57}},"3":{"start":{"line":24,"column":56},"end":{"line":24,"column":71}},"4":{"start":{"line":27,"column":28},"end":{"line":27,"column":40}},"5":{"start":{"line":29,"column":32},"end":{"line":29,"column":44}},"6":{"start":{"line":31,"column":32},"end":{"line":31,"column":47}},"7":{"start":{"line":34,"column":23},"end":{"line":44,"column":3}},"8":{"start":{"line":35,"column":28},"end":{"line":35,"column":36}},"9":{"start":{"line":37,"column":4},"end":{"line":40,"column":8}},"10":{"start":{"line":37,"column":31},"end":{"line":40,"column":5}},"11":{"start":{"line":42,"column":4},"end":{"line":42,"column":17}},"12":{"start":{"line":43,"column":4},"end":{"line":43,"column":19}},"13":{"start":{"line":47,"column":23},"end":{"line":107,"column":3}},"14":{"start":{"line":48,"column":4},"end":{"line":48,"column":27}},"15":{"start":{"line":49,"column":4},"end":{"line":49,"column":17}},"16":{"start":{"line":50,"column":4},"end":{"line":50,"column":19}},"17":{"start":{"line":53,"column":4},"end":{"line":56,"column":5}},"18":{"start":{"line":54,"column":6},"end":{"line":54,"column":48}},"19":{"start":{"line":55,"column":6},"end":{"line":55,"column":13}},"20":{"start":{"line":59,"column":4},"end":{"line":62,"column":5}},"21":{"start":{"line":60,"column":8},"end":{"line":60,"column":68}},"22":{"start":{"line":61,"column":8},"end":{"line":61,"column":15}},"23":{"start":{"line":65,"column":4},"end":{"line":65,"column":21}},"24":{"start":{"line":67,"column":4},"end":{"line":106,"column":5}},"25":{"start":{"line":69,"column":23},"end":{"line":83,"column":8}},"26":{"start":{"line":86,"column":19},"end":{"line":86,"column":40}},"27":{"start":{"line":89,"column":6},"end":{"line":98,"column":7}},"28":{"start":{"line":90,"column":8},"end":{"line":90,"column":66}},"29":{"start":{"line":92,"column":8},"end":{"line":94,"column":17}},"30":{"start":{"line":93,"column":10},"end":{"line":93,"column":29}},"31":{"start":{"line":97,"column":8},"end":{"line":97,"column":76}},"32":{"start":{"line":101,"column":6},"end":{"line":101,"column":47}},"33":{"start":{"line":102,"column":6},"end":{"line":102,"column":77}},"34":{"start":{"line":105,"column":6},"end":{"line":105,"column":24}},"35":{"start":{"line":109,"column":2},"end":{"line":257,"column":4}},"36":{"start":{"line":172,"column":31},"end":{"line":172,"column":61}},"37":{"start":{"line":194,"column":31},"end":{"line":194,"column":75}}},"fnMap":{"0":{"name":"Register","decl":{"start":{"line":7,"column":24},"end":{"line":7,"column":32}},"loc":{"start":{"line":7,"column":35},"end":{"line":258,"column":1}},"line":7},"1":{"name":"(anonymous_1)","decl":{"start":{"line":34,"column":23},"end":{"line":34,"column":24}},"loc":{"start":{"line":34,"column":30},"end":{"line":44,"column":3}},"line":34},"2":{"name":"(anonymous_2)","decl":{"start":{"line":37,"column":16},"end":{"line":37,"column":17}},"loc":{"start":{"line":37,"column":31},"end":{"line":40,"column":5}},"line":37},"3":{"name":"(anonymous_3)","decl":{"start":{"line":47,"column":23},"end":{"line":47,"column":24}},"loc":{"start":{"line":47,"column":40},"end":{"line":107,"column":3}},"line":47},"4":{"name":"(anonymous_4)","decl":{"start":{"line":92,"column":19},"end":{"line":92,"column":20}},"loc":{"start":{"line":92,"column":25},"end":{"line":94,"column":9}},"line":92},"5":{"name":"(anonymous_5)","decl":{"start":{"line":172,"column":25},"end":{"line":172,"column":26}},"loc":{"start":{"line":172,"column":31},"end":{"line":172,"column":61}},"line":172},"6":{"name":"(anonymous_6)","decl":{"start":{"line":194,"column":25},"end":{"line":194,"column":26}},"loc":{"start":{"line":194,"column":31},"end":{"line":194,"column":75}},"line":194}},"branchMap":{"0":{"loc":{"start":{"line":53,"column":4},"end":{"line":56,"column":5}},"type":"if","locations":[{"start":{"line":53,"column":4},"end":{"line":56,"column":5}},{"start":{},"end":{}}],"line":53},"1":{"loc":{"start":{"line":59,"column":4},"end":{"line":62,"column":5}},"type":"if","locations":[{"start":{"line":59,"column":4},"end":{"line":62,"column":5}},{"start":{},"end":{}}],"line":59},"2":{"loc":{"start":{"line":89,"column":6},"end":{"line":98,"column":7}},"type":"if","locations":[{"start":{"line":89,"column":6},"end":{"line":98,"column":7}},{"start":{"line":95,"column":13},"end":{"line":98,"column":7}}],"line":89},"3":{"loc":{"start":{"line":89,"column":10},"end":{"line":89,"column":37}},"type":"binary-expr","locations":[{"start":{"line":89,"column":10},"end":{"line":89,"column":21}},{"start":{"line":89,"column":25},"end":{"line":89,"column":37}}],"line":89},"4":{"loc":{"start":{"line":97,"column":17},"end":{"line":97,"column":74}},"type":"binary-expr","locations":[{"start":{"line":97,"column":17},"end":{"line":97,"column":29}},{"start":{"line":97,"column":33},"end":{"line":97,"column":74}}],"line":97},"5":{"loc":{"start":{"line":159,"column":22},"end":{"line":159,"column":56}},"type":"cond-expr","locations":[{"start":{"line":159,"column":37},"end":{"line":159,"column":43}},{"start":{"line":159,"column":46},"end":{"line":159,"column":56}}],"line":159},"6":{"loc":{"start":{"line":174,"column":17},"end":{"line":174,"column":96}},"type":"cond-expr","locations":[{"start":{"line":174,"column":32},"end":{"line":174,"column":67}},{"start":{"line":174,"column":70},"end":{"line":174,"column":96}}],"line":174},"7":{"loc":{"start":{"line":181,"column":22},"end":{"line":181,"column":63}},"type":"cond-expr","locations":[{"start":{"line":181,"column":44},"end":{"line":181,"column":50}},{"start":{"line":181,"column":53},"end":{"line":181,"column":63}}],"line":181},"8":{"loc":{"start":{"line":196,"column":17},"end":{"line":196,"column":103}},"type":"cond-expr","locations":[{"start":{"line":196,"column":39},"end":{"line":196,"column":74}},{"start":{"line":196,"column":77},"end":{"line":196,"column":103}}],"line":196},"9":{"loc":{"start":{"line":225,"column":13},"end":{"line":225,"column":104}},"type":"binary-expr","locations":[{"start":{"line":225,"column":13},"end":{"line":225,"column":18}},{"start":{"line":225,"column":22},"end":{"line":225,"column":104}}],"line":225},"10":{"loc":{"start":{"line":227,"column":13},"end":{"line":227,"column":110}},"type":"binary-expr","locations":[{"start":{"line":227,"column":13},"end":{"line":227,"column":20}},{"start":{"line":227,"column":24},"end":{"line":227,"column":110}}],"line":227},"11":{"loc":{"start":{"line":232,"column":15},"end":{"line":232,"column":58}},"type":"cond-expr","locations":[{"start":{"line":232,"column":25},"end":{"line":232,"column":41}},{"start":{"line":232,"column":44},"end":{"line":232,"column":58}}],"line":232}},"s":{"0":16,"1":16,"2":16,"3":16,"4":16,"5":16,"6":16,"7":16,"8":11,"9":11,"10":11,"11":11,"12":11,"13":16,"14":1,"15":1,"16":1,"17":1,"18":0,"19":0,"20":1,"21":0,"22":0,"23":1,"24":1,"25":1,"26":1,"27":1,"28":1,"29":1,"30":0,"31":0,"32":0,"33":0,"34":1,"35":16,"36":0,"37":0},"f":{"0":16,"1":11,"2":11,"3":1,"4":0,"5":0,"6":0},"b":{"0":[0,1],"1":[0,1],"2":[1,0],"3":[1,1],"4":[0,0],"5":[0,16],"6":[0,16],"7":[0,16],"8":[0,16],"9":[16,0],"10":[16,1],"11":[1,15]},"_coverageSchema":"1a1c01bbd47fc00a2c39e90264f33305004495a9","hash":"c2873b9650afa4cda45a5a9a7000e66bd9534d16"}
,"/Users/a1/Documents/GitHub/MediSync-Proyecto/src/components/SidebarLayout.jsx": {"path":"/Users/a1/Documents/GitHub/MediSync-Proyecto/src/components/SidebarLayout.jsx","statementMap":{"0":{"start":{"line":7,"column":26},"end":{"line":7,"column":41}},"1":{"start":{"line":9,"column":24},"end":{"line":9,"column":44}},"2":{"start":{"line":9,"column":30},"end":{"line":9,"column":44}},"3":{"start":{"line":11,"column":2},"end":{"line":35,"column":4}}},"fnMap":{"0":{"name":"SidebarLayout","decl":{"start":{"line":6,"column":24},"end":{"line":6,"column":37}},"loc":{"start":{"line":6,"column":40},"end":{"line":36,"column":1}},"line":6},"1":{"name":"(anonymous_1)","decl":{"start":{"line":9,"column":24},"end":{"line":9,"column":25}},"loc":{"start":{"line":9,"column":30},"end":{"line":9,"column":44}},"line":9}},"branchMap":{"0":{"loc":{"start":{"line":16,"column":35},"end":{"line":16,"column":59}},"type":"cond-expr","locations":[{"start":{"line":16,"column":42},"end":{"line":16,"column":48}},{"start":{"line":16,"column":51},"end":{"line":16,"column":59}}],"line":16},"1":{"loc":{"start":{"line":29,"column":34},"end":{"line":29,"column":55}},"type":"cond-expr","locations":[{"start":{"line":29,"column":41},"end":{"line":29,"column":50}},{"start":{"line":29,"column":53},"end":{"line":29,"column":55}}],"line":29}},"s":{"0":4,"1":4,"2":2,"3":4},"f":{"0":4,"1":2},"b":{"0":[1,3],"1":[1,3]},"_coverageSchema":"1a1c01bbd47fc00a2c39e90264f33305004495a9","hash":"ab74c4bbd504fb9f1cfbf01ef82118513641443e"}
,"/Users/a1/Documents/GitHub/MediSync-Proyecto/src/ui/Button.jsx": {"path":"/Users/a1/Documents/GitHub/MediSync-Proyecto/src/ui/Button.jsx","statementMap":{"0":{"start":{"line":4,"column":2},"end":{"line":13,"column":4}}},"fnMap":{"0":{"name":"Button","decl":{"start":{"line":3,"column":16},"end":{"line":3,"column":22}},"loc":{"start":{"line":3,"column":89},"end":{"line":14,"column":1}},"line":3}},"branchMap":{"0":{"loc":{"start":{"line":3,"column":44},"end":{"line":3,"column":58}},"type":"default-arg","locations":[{"start":{"line":3,"column":56},"end":{"line":3,"column":58}}],"line":3},"1":{"loc":{"start":{"line":3,"column":60},"end":{"line":3,"column":75}},"type":"default-arg","locations":[{"start":{"line":3,"column":67},"end":{"line":3,"column":75}}],"line":3}},"s":{"0":4},"f":{"0":4},"b":{"0":[3],"1":[3]},"_coverageSchema":"1a1c01bbd47fc00a2c39e90264f33305004495a9","hash":"2aa5058ceff8fa181edb4f4fbcbf178823b176e4"}
,"/Users/a1/Documents/GitHub/MediSync-Proyecto/src/ui/Input.jsx": {"path":"/Users/a1/Documents/GitHub/MediSync-Proyecto/src/ui/Input.jsx","statementMap":{"0":{"start":{"line":4,"column":2},"end":{"line":13,"column":4}}},"fnMap":{"0":{"name":"Input","decl":{"start":{"line":3,"column":16},"end":{"line":3,"column":21}},"loc":{"start":{"line":3,"column":81},"end":{"line":14,"column":1}},"line":3}},"branchMap":{"0":{"loc":{"start":{"line":3,"column":24},"end":{"line":3,"column":37}},"type":"default-arg","locations":[{"start":{"line":3,"column":31},"end":{"line":3,"column":37}}],"line":3}},"s":{"0":4},"f":{"0":4},"b":{"0":[3]},"_coverageSchema":"1a1c01bbd47fc00a2c39e90264f33305004495a9","hash":"349404d986de0b4450f23cf74cdb8f5c632051be"}
}
