TN:
SF:src/babel.config.js
FNF:0
FNH:0
DA:2,0
LF:1
LH:0
BRF:0
BRH:0
end_of_record
TN:
SF:src/jest.config.js
FNF:0
FNH:0
DA:2,0
LF:1
LH:0
BRF:0
BRH:0
end_of_record
TN:
SF:src/jest.setup.js
FNF:0
FNH:0
LF:0
LH:0
BRF:0
BRH:0
end_of_record
TN:
SF:src/E2E/Login.spec.jsx
FN:3,(anonymous_0)
FN:5,(anonymous_1)
FN:6,(anonymous_2)
FN:34,(anonymous_3)
FN:35,(anonymous_4)
FNF:5
FNH:0
FNDA:0,(anonymous_0)
FNDA:0,(anonymous_1)
FNDA:0,(anonymous_2)
FNDA:0,(anonymous_3)
FNDA:0,(anonymous_4)
DA:3,0
DA:5,0
DA:6,0
DA:7,0
DA:8,0
DA:9,0
DA:15,0
DA:19,0
DA:22,0
DA:25,0
DA:28,0
DA:31,0
DA:34,0
DA:35,0
DA:36,0
DA:37,0
DA:38,0
DA:44,0
DA:48,0
DA:50,0
DA:51,0
DA:53,0
DA:55,0
DA:56,0
LF:24
LH:0
BRDA:8,0,0,0
BRDA:8,0,1,0
BRDA:37,1,0,0
BRDA:37,1,1,0
BRF:4
BRH:0
end_of_record
TN:
SF:src/E2E/Profile.spec.jsx
FN:3,(anonymous_0)
FN:20,(anonymous_1)
FN:45,(anonymous_2)
FN:62,(anonymous_3)
FN:71,(anonymous_4)
FN:72,(anonymous_5)
FN:86,(anonymous_6)
FNF:7
FNH:0
FNDA:0,(anonymous_0)
FNDA:0,(anonymous_1)
FNDA:0,(anonymous_2)
FNDA:0,(anonymous_3)
FNDA:0,(anonymous_4)
FNDA:0,(anonymous_5)
FNDA:0,(anonymous_6)
DA:3,0
DA:5,0
DA:6,0
DA:7,0
DA:8,0
DA:11,0
DA:14,0
DA:15,0
DA:16,0
DA:20,0
DA:21,0
DA:22,0
DA:23,0
DA:24,0
DA:25,0
DA:28,0
DA:31,0
DA:32,0
DA:33,0
DA:36,0
DA:39,0
DA:42,0
DA:45,0
DA:46,0
DA:47,0
DA:48,0
DA:49,0
DA:50,0
DA:52,0
DA:55,0
DA:58,0
DA:62,0
DA:64,0
DA:65,0
DA:66,0
DA:67,0
DA:68,0
DA:71,0
DA:72,0
DA:76,0
DA:77,0
DA:80,0
DA:83,0
DA:86,0
DA:87,0
DA:89,0
LF:46
LH:0
BRF:0
BRH:0
end_of_record
TN:
SF:src/E2E/Register.spec.jsx
FN:3,(anonymous_0)
FN:5,(anonymous_1)
FN:6,(anonymous_2)
FN:37,(anonymous_3)
FN:38,(anonymous_4)
FNF:5
FNH:0
FNDA:0,(anonymous_0)
FNDA:0,(anonymous_1)
FNDA:0,(anonymous_2)
FNDA:0,(anonymous_3)
FNDA:0,(anonymous_4)
DA:3,0
DA:5,0
DA:6,0
DA:7,0
DA:8,0
DA:9,0
DA:15,0
DA:19,0
DA:22,0
DA:23,0
DA:24,0
DA:25,0
DA:26,0
DA:27,0
DA:28,0
DA:31,0
DA:34,0
DA:37,0
DA:38,0
DA:39,0
DA:40,0
DA:41,0
DA:47,0
DA:51,0
DA:54,0
DA:55,0
DA:56,0
DA:57,0
DA:58,0
DA:59,0
DA:60,0
DA:63,0
DA:66,0
DA:67,0
LF:34
LH:0
BRDA:8,0,0,0
BRDA:8,0,1,0
BRDA:40,1,0,0
BRDA:40,1,1,0
BRF:4
BRH:0
end_of_record
TN:
SF:src/components/ForgotPassword.jsx
FN:6,ForgotPassword
FN:29,(anonymous_1)
FN:64,(anonymous_2)
FN:93,(anonymous_3)
FN:122,(anonymous_4)
FN:150,(anonymous_5)
FN:166,(anonymous_6)
FN:178,(anonymous_7)
FN:204,(anonymous_8)
FN:212,(anonymous_9)
FN:230,(anonymous_10)
FN:233,(anonymous_11)
FN:244,(anonymous_12)
FN:247,(anonymous_13)
FNF:14
FNH:10
FNDA:23,ForgotPassword
FNDA:3,(anonymous_1)
FNDA:3,(anonymous_2)
FNDA:2,(anonymous_3)
FNDA:1,(anonymous_4)
FNDA:0,(anonymous_5)
FNDA:22,(anonymous_6)
FNDA:3,(anonymous_7)
FNDA:2,(anonymous_8)
FNDA:0,(anonymous_9)
FNDA:1,(anonymous_10)
FNDA:0,(anonymous_11)
FNDA:1,(anonymous_12)
FNDA:0,(anonymous_13)
DA:7,23
DA:11,23
DA:14,23
DA:15,23
DA:16,23
DA:17,23
DA:18,23
DA:19,23
DA:22,23
DA:23,23
DA:24,23
DA:25,23
DA:26,23
DA:29,23
DA:30,3
DA:31,3
DA:32,3
DA:33,3
DA:35,3
DA:36,3
DA:41,3
DA:43,3
DA:45,3
DA:46,3
DA:47,0
DA:49,0
DA:53,0
DA:56,0
DA:57,0
DA:64,23
DA:66,3
DA:67,3
DA:72,3
DA:74,3
DA:75,3
DA:76,3
DA:79,0
DA:82,0
DA:83,0
DA:85,0
DA:87,3
DA:93,23
DA:94,2
DA:95,2
DA:96,2
DA:97,2
DA:99,2
DA:100,2
DA:105,2
DA:107,2
DA:108,2
DA:111,0
DA:114,0
DA:115,0
DA:117,2
DA:122,23
DA:123,1
DA:124,1
DA:125,1
DA:128,1
DA:129,0
DA:130,0
DA:133,1
DA:134,0
DA:135,0
DA:138,1
DA:140,1
DA:141,1
DA:146,1
DA:148,1
DA:149,1
DA:150,1
DA:151,0
DA:154,0
DA:157,0
DA:158,0
DA:160,1
DA:166,23
DA:167,22
DA:170,10
DA:178,3
DA:190,7
DA:204,2
DA:212,0
DA:220,5
DA:230,1
DA:233,0
DA:244,1
DA:247,0
DA:257,0
DA:261,23
LF:91
LH:67
BRDA:43,0,0,3
BRDA:43,0,1,0
BRDA:43,1,0,3
BRDA:43,1,1,3
BRDA:43,1,2,3
BRDA:47,2,0,0
BRDA:47,2,1,0
BRDA:47,3,0,0
BRDA:47,3,1,0
BRDA:47,3,2,0
BRDA:53,4,0,0
BRDA:53,4,1,0
BRDA:57,5,0,0
BRDA:57,5,1,0
BRDA:74,6,0,3
BRDA:74,6,1,0
BRDA:74,7,0,3
BRDA:74,7,1,3
BRDA:74,7,2,3
BRDA:79,8,0,0
BRDA:79,8,1,0
BRDA:83,9,0,0
BRDA:83,9,1,0
BRDA:107,10,0,2
BRDA:107,10,1,0
BRDA:107,11,0,2
BRDA:107,11,1,2
BRDA:111,12,0,0
BRDA:111,12,1,0
BRDA:115,13,0,0
BRDA:115,13,1,0
BRDA:128,14,0,0
BRDA:128,14,1,1
BRDA:133,15,0,0
BRDA:133,15,1,1
BRDA:148,16,0,1
BRDA:148,16,1,0
BRDA:148,17,0,1
BRDA:148,17,1,1
BRDA:154,18,0,0
BRDA:154,18,1,0
BRDA:158,19,0,0
BRDA:158,19,1,0
BRDA:167,20,0,10
BRDA:167,20,1,7
BRDA:167,20,2,5
BRDA:167,20,3,0
BRDA:183,21,0,3
BRDA:183,21,1,7
BRDA:209,22,0,2
BRDA:209,22,1,5
BRDA:226,23,0,0
BRDA:226,23,1,5
BRDA:234,24,0,0
BRDA:234,24,1,5
BRDA:240,25,0,0
BRDA:240,25,1,5
BRDA:248,26,0,0
BRDA:248,26,1,5
BRDA:252,27,0,1
BRDA:252,27,1,4
BRDA:269,28,0,23
BRDA:269,28,1,0
BRDA:270,29,0,23
BRDA:270,29,1,1
BRDA:273,30,0,23
BRDA:273,30,1,22
BRDA:277,31,0,23
BRDA:277,31,1,22
BRF:69
BRH:36
end_of_record
TN:
SF:src/components/Login.jsx
FN:6,Login
FN:17,(anonymous_1)
FN:25,(anonymous_2)
FN:73,(anonymous_3)
FN:84,(anonymous_4)
FN:88,(anonymous_5)
FNF:6
FNH:6
FNDA:17,Login
FNDA:9,(anonymous_1)
FNDA:1,(anonymous_2)
FNDA:2,(anonymous_3)
FNDA:2,(anonymous_4)
FNDA:2,(anonymous_5)
DA:7,17
DA:8,17
DA:9,17
DA:10,17
DA:11,17
DA:12,17
DA:14,17
DA:17,17
DA:18,9
DA:19,9
DA:20,1
DA:21,1
DA:25,17
DA:26,1
DA:27,1
DA:28,1
DA:30,1
DA:31,1
DA:40,1
DA:42,1
DA:43,1
DA:44,1
DA:46,0
DA:47,0
DA:50,0
DA:51,0
DA:53,1
DA:57,17
DA:73,2
DA:84,2
DA:88,2
LF:31
LH:27
BRDA:19,0,0,1
BRDA:19,0,1,8
BRDA:42,1,0,1
BRDA:42,1,1,0
BRDA:42,2,0,1
BRDA:42,2,1,1
BRDA:46,3,0,0
BRDA:46,3,1,0
BRDA:47,4,0,0
BRDA:47,4,1,0
BRDA:64,5,0,17
BRDA:64,5,1,1
BRDA:80,6,0,1
BRDA:80,6,1,16
BRDA:89,7,0,1
BRDA:89,7,1,16
BRDA:93,8,0,17
BRDA:93,8,1,0
BRDA:100,9,0,1
BRDA:100,9,1,16
BRF:20
BRH:14
end_of_record
TN:
SF:src/components/Navbar.jsx
FN:4,Navbar
FNF:1
FNH:1
FNDA:8,Navbar
DA:5,8
LF:1
LH:1
BRDA:15,0,0,2
BRDA:15,0,1,6
BRF:2
BRH:2
end_of_record
TN:
SF:src/components/Profile.jsx
FN:6,Profile
FN:18,(anonymous_1)
FN:19,(anonymous_2)
FN:45,(anonymous_3)
FN:47,(anonymous_4)
FN:51,(anonymous_5)
FN:67,(anonymous_6)
FN:74,(anonymous_7)
FN:93,(anonymous_8)
FN:170,(anonymous_9)
FN:175,(anonymous_10)
FNF:11
FNH:10
FNDA:18,Profile
FNDA:5,(anonymous_1)
FNDA:5,(anonymous_2)
FNDA:2,(anonymous_3)
FNDA:2,(anonymous_4)
FNDA:1,(anonymous_5)
FNDA:1,(anonymous_6)
FNDA:1,(anonymous_7)
FNDA:1,(anonymous_8)
FNDA:0,(anonymous_9)
FNDA:2,(anonymous_10)
DA:7,18
DA:8,18
DA:9,18
DA:12,18
DA:13,18
DA:14,18
DA:15,18
DA:18,18
DA:19,5
DA:20,5
DA:21,5
DA:22,5
DA:25,5
DA:26,0
DA:27,0
DA:28,0
DA:30,5
DA:31,5
DA:32,5
DA:33,5
DA:34,5
DA:38,0
DA:39,0
DA:40,5
DA:42,5
DA:45,18
DA:46,2
DA:47,2
DA:48,2
DA:51,18
DA:53,1
DA:54,1
DA:55,1
DA:60,1
DA:61,1
DA:65,1
DA:66,1
DA:67,1
DA:68,1
DA:69,0
DA:70,0
DA:71,1
DA:74,18
DA:75,1
DA:76,1
DA:77,1
DA:78,1
DA:79,1
DA:82,1
DA:83,1
DA:84,1
DA:85,1
DA:87,0
DA:88,0
DA:89,1
DA:93,18
DA:94,1
DA:95,1
DA:96,1
DA:99,1
DA:100,1
DA:101,0
DA:102,0
DA:103,1
DA:107,18
DA:108,13
DA:109,13
DA:111,13
DA:170,0
DA:175,2
LF:70
LH:58
BRDA:25,0,0,0
BRDA:25,0,1,5
BRDA:26,1,0,0
BRDA:26,1,1,0
BRDA:28,2,0,0
BRDA:28,2,1,0
BRDA:31,3,0,5
BRDA:31,3,1,0
BRDA:31,4,0,5
BRDA:31,4,1,5
BRDA:33,5,0,5
BRDA:33,5,1,0
BRDA:35,6,0,5
BRDA:35,6,1,0
BRDA:35,7,0,5
BRDA:35,7,1,0
BRDA:36,8,0,5
BRDA:36,8,1,0
BRDA:36,9,0,5
BRDA:36,9,1,0
BRDA:38,10,0,0
BRDA:38,10,1,0
BRDA:53,11,0,1
BRDA:53,11,1,0
BRDA:57,12,0,1
BRDA:57,12,1,0
BRDA:66,13,0,1
BRDA:66,13,1,0
BRDA:66,14,0,1
BRDA:66,14,1,1
BRDA:69,15,0,0
BRDA:69,15,1,0
BRDA:76,16,0,1
BRDA:76,16,1,0
BRDA:83,17,0,1
BRDA:83,17,1,0
BRDA:83,18,0,1
BRDA:83,18,1,1
BRDA:87,19,0,0
BRDA:87,19,1,0
BRDA:100,20,0,1
BRDA:100,20,1,0
BRDA:100,21,0,1
BRDA:100,21,1,1
BRDA:101,22,0,0
BRDA:101,22,1,0
BRDA:107,23,0,5
BRDA:107,23,1,13
BRDA:107,24,0,18
BRDA:107,24,1,8
BRDA:108,25,0,0
BRDA:108,25,1,13
BRDA:108,26,0,13
BRDA:108,26,1,0
BRDA:109,27,0,0
BRDA:109,27,1,13
BRDA:116,28,0,13
BRDA:116,28,1,0
BRDA:117,29,0,13
BRDA:117,29,1,1
BRDA:127,30,0,5
BRDA:127,30,1,8
BRDA:127,31,0,8
BRDA:127,31,1,0
BRDA:132,32,0,5
BRDA:132,32,1,8
BRDA:132,33,0,8
BRDA:132,33,1,0
BRDA:138,34,0,5
BRDA:138,34,1,8
BRDA:138,35,0,8
BRDA:138,35,1,0
BRDA:143,36,0,5
BRDA:143,36,1,8
BRDA:143,37,0,8
BRDA:143,37,1,0
BRDA:147,38,0,5
BRDA:147,38,1,8
BRDA:147,39,0,8
BRDA:147,39,1,0
BRDA:152,40,0,13
BRDA:152,40,1,0
BRDA:164,41,0,5
BRDA:164,41,1,8
BRDA:168,42,0,1
BRDA:168,42,1,4
BRDA:186,43,0,3
BRDA:186,43,1,10
BRDA:189,44,0,3
BRDA:189,44,1,10
BRF:90
BRH:55
end_of_record
TN:
SF:src/components/Register.jsx
FN:7,Register
FN:34,(anonymous_1)
FN:37,(anonymous_2)
FN:47,(anonymous_3)
FN:92,(anonymous_4)
FN:172,(anonymous_5)
FN:194,(anonymous_6)
FNF:7
FNH:4
FNDA:16,Register
FNDA:11,(anonymous_1)
FNDA:11,(anonymous_2)
FNDA:1,(anonymous_3)
FNDA:0,(anonymous_4)
FNDA:0,(anonymous_5)
FNDA:0,(anonymous_6)
DA:9,16
DA:12,16
DA:23,16
DA:24,16
DA:27,16
DA:29,16
DA:31,16
DA:34,16
DA:35,11
DA:37,11
DA:42,11
DA:43,11
DA:47,16
DA:48,1
DA:49,1
DA:50,1
DA:53,1
DA:54,0
DA:55,0
DA:59,1
DA:60,0
DA:61,0
DA:65,1
DA:67,1
DA:69,1
DA:86,1
DA:89,1
DA:90,1
DA:92,1
DA:93,0
DA:97,0
DA:101,0
DA:102,0
DA:105,1
DA:109,16
DA:172,0
DA:194,0
LF:37
LH:27
BRDA:53,0,0,0
BRDA:53,0,1,1
BRDA:59,1,0,0
BRDA:59,1,1,1
BRDA:89,2,0,1
BRDA:89,2,1,0
BRDA:89,3,0,1
BRDA:89,3,1,1
BRDA:97,4,0,0
BRDA:97,4,1,0
BRDA:159,5,0,0
BRDA:159,5,1,16
BRDA:174,6,0,0
BRDA:174,6,1,16
BRDA:181,7,0,0
BRDA:181,7,1,16
BRDA:196,8,0,0
BRDA:196,8,1,16
BRDA:225,9,0,16
BRDA:225,9,1,0
BRDA:227,10,0,16
BRDA:227,10,1,1
BRDA:232,11,0,1
BRDA:232,11,1,15
BRF:24
BRH:14
end_of_record
TN:
SF:src/components/SidebarLayout.jsx
FN:6,SidebarLayout
FN:9,(anonymous_1)
FNF:2
FNH:2
FNDA:4,SidebarLayout
FNDA:2,(anonymous_1)
DA:7,4
DA:9,4
DA:11,4
LF:3
LH:3
BRDA:16,0,0,1
BRDA:16,0,1,3
BRDA:29,1,0,1
BRDA:29,1,1,3
BRF:4
BRH:4
end_of_record
TN:
SF:src/ui/Button.jsx
FN:3,Button
FNF:1
FNH:1
FNDA:4,Button
DA:4,4
LF:1
LH:1
BRDA:3,0,0,3
BRDA:3,1,0,3
BRF:2
BRH:2
end_of_record
TN:
SF:src/ui/Input.jsx
FN:3,Input
FNF:1
FNH:1
FNDA:4,Input
DA:4,4
LF:1
LH:1
BRDA:3,0,0,3
BRF:1
BRH:1
end_of_record
