TN:
SF:src/babel.config.js
FNF:0
FNH:0
DA:2,0
LF:1
LH:0
BRF:0
BRH:0
end_of_record
TN:
SF:src/jest.config.js
FNF:0
FNH:0
DA:2,0
LF:1
LH:0
BRF:0
BRH:0
end_of_record
TN:
SF:src/jest.setup.js
FNF:0
FNH:0
LF:0
LH:0
BRF:0
BRH:0
end_of_record
TN:
SF:src/E2E/Login.spec.jsx
FN:3,(anonymous_0)
FN:5,(anonymous_1)
FN:6,(anonymous_2)
FN:34,(anonymous_3)
FN:35,(anonymous_4)
FNF:5
FNH:0
FNDA:0,(anonymous_0)
FNDA:0,(anonymous_1)
FNDA:0,(anonymous_2)
FNDA:0,(anonymous_3)
FNDA:0,(anonymous_4)
DA:3,0
DA:5,0
DA:6,0
DA:7,0
DA:8,0
DA:9,0
DA:15,0
DA:19,0
DA:22,0
DA:25,0
DA:28,0
DA:31,0
DA:34,0
DA:35,0
DA:36,0
DA:37,0
DA:38,0
DA:44,0
DA:48,0
DA:50,0
DA:51,0
DA:53,0
DA:55,0
DA:56,0
LF:24
LH:0
BRDA:8,0,0,0
BRDA:8,0,1,0
BRDA:37,1,0,0
BRDA:37,1,1,0
BRF:4
BRH:0
end_of_record
TN:
SF:src/E2E/Profile.spec.jsx
FN:3,(anonymous_0)
FN:20,(anonymous_1)
FN:45,(anonymous_2)
FN:62,(anonymous_3)
FN:71,(anonymous_4)
FN:72,(anonymous_5)
FN:86,(anonymous_6)
FNF:7
FNH:0
FNDA:0,(anonymous_0)
FNDA:0,(anonymous_1)
FNDA:0,(anonymous_2)
FNDA:0,(anonymous_3)
FNDA:0,(anonymous_4)
FNDA:0,(anonymous_5)
FNDA:0,(anonymous_6)
DA:3,0
DA:5,0
DA:6,0
DA:7,0
DA:8,0
DA:11,0
DA:14,0
DA:15,0
DA:16,0
DA:20,0
DA:21,0
DA:22,0
DA:23,0
DA:24,0
DA:25,0
DA:28,0
DA:31,0
DA:32,0
DA:33,0
DA:36,0
DA:39,0
DA:42,0
DA:45,0
DA:46,0
DA:47,0
DA:48,0
DA:49,0
DA:50,0
DA:52,0
DA:55,0
DA:58,0
DA:62,0
DA:64,0
DA:65,0
DA:66,0
DA:67,0
DA:68,0
DA:71,0
DA:72,0
DA:76,0
DA:77,0
DA:80,0
DA:83,0
DA:86,0
DA:87,0
DA:89,0
LF:46
LH:0
BRF:0
BRH:0
end_of_record
TN:
SF:src/E2E/Register.spec.jsx
FN:3,(anonymous_0)
FN:5,(anonymous_1)
FN:6,(anonymous_2)
FN:37,(anonymous_3)
FN:38,(anonymous_4)
FNF:5
FNH:0
FNDA:0,(anonymous_0)
FNDA:0,(anonymous_1)
FNDA:0,(anonymous_2)
FNDA:0,(anonymous_3)
FNDA:0,(anonymous_4)
DA:3,0
DA:5,0
DA:6,0
DA:7,0
DA:8,0
DA:9,0
DA:15,0
DA:19,0
DA:22,0
DA:23,0
DA:24,0
DA:25,0
DA:26,0
DA:27,0
DA:28,0
DA:31,0
DA:34,0
DA:37,0
DA:38,0
DA:39,0
DA:40,0
DA:41,0
DA:47,0
DA:51,0
DA:54,0
DA:55,0
DA:56,0
DA:57,0
DA:58,0
DA:59,0
DA:60,0
DA:63,0
DA:66,0
DA:67,0
LF:34
LH:0
BRDA:8,0,0,0
BRDA:8,0,1,0
BRDA:40,1,0,0
BRDA:40,1,1,0
BRF:4
BRH:0
end_of_record
TN:
SF:src/components/ForgotPassword.jsx
FN:6,ForgotPassword
FN:29,(anonymous_1)
FN:64,(anonymous_2)
FN:93,(anonymous_3)
FN:122,(anonymous_4)
FN:150,(anonymous_5)
FN:166,(anonymous_6)
FN:178,(anonymous_7)
FN:204,(anonymous_8)
FN:212,(anonymous_9)
FN:230,(anonymous_10)
FN:233,(anonymous_11)
FN:244,(anonymous_12)
FN:247,(anonymous_13)
FNF:14
FNH:11
FNDA:48,ForgotPassword
FNDA:6,(anonymous_1)
FNDA:6,(anonymous_2)
FNDA:4,(anonymous_3)
FNDA:3,(anonymous_4)
FNDA:0,(anonymous_5)
FNDA:47,(anonymous_6)
FNDA:6,(anonymous_7)
FNDA:4,(anonymous_8)
FNDA:1,(anonymous_9)
FNDA:3,(anonymous_10)
FNDA:0,(anonymous_11)
FNDA:3,(anonymous_12)
FNDA:0,(anonymous_13)
DA:7,48
DA:11,48
DA:14,48
DA:15,48
DA:16,48
DA:17,48
DA:18,48
DA:19,48
DA:22,48
DA:23,48
DA:24,48
DA:25,48
DA:26,48
DA:29,48
DA:30,6
DA:31,6
DA:32,6
DA:33,6
DA:35,6
DA:36,6
DA:41,6
DA:43,6
DA:45,6
DA:46,6
DA:47,0
DA:49,0
DA:53,0
DA:56,0
DA:57,0
DA:64,48
DA:66,6
DA:67,6
DA:72,6
DA:74,6
DA:75,6
DA:76,6
DA:79,0
DA:82,0
DA:83,0
DA:85,0
DA:87,6
DA:93,48
DA:94,4
DA:95,4
DA:96,4
DA:97,4
DA:99,4
DA:100,4
DA:105,4
DA:107,4
DA:108,4
DA:111,0
DA:114,0
DA:115,0
DA:117,4
DA:122,48
DA:123,3
DA:124,3
DA:125,3
DA:128,3
DA:129,1
DA:130,1
DA:133,2
DA:134,1
DA:135,1
DA:138,1
DA:140,1
DA:141,1
DA:146,1
DA:148,1
DA:149,1
DA:150,1
DA:151,0
DA:154,0
DA:157,0
DA:158,0
DA:160,1
DA:166,48
DA:167,47
DA:170,20
DA:178,6
DA:190,14
DA:204,4
DA:212,1
DA:220,13
DA:230,3
DA:233,0
DA:244,3
DA:247,0
DA:257,0
DA:261,48
LF:91
LH:72
BRDA:43,0,0,6
BRDA:43,0,1,0
BRDA:43,1,0,6
BRDA:43,1,1,6
BRDA:43,1,2,6
BRDA:47,2,0,0
BRDA:47,2,1,0
BRDA:47,3,0,0
BRDA:47,3,1,0
BRDA:47,3,2,0
BRDA:53,4,0,0
BRDA:53,4,1,0
BRDA:57,5,0,0
BRDA:57,5,1,0
BRDA:74,6,0,6
BRDA:74,6,1,0
BRDA:74,7,0,6
BRDA:74,7,1,6
BRDA:74,7,2,6
BRDA:79,8,0,0
BRDA:79,8,1,0
BRDA:83,9,0,0
BRDA:83,9,1,0
BRDA:107,10,0,4
BRDA:107,10,1,0
BRDA:107,11,0,4
BRDA:107,11,1,4
BRDA:111,12,0,0
BRDA:111,12,1,0
BRDA:115,13,0,0
BRDA:115,13,1,0
BRDA:128,14,0,1
BRDA:128,14,1,2
BRDA:133,15,0,1
BRDA:133,15,1,1
BRDA:148,16,0,1
BRDA:148,16,1,0
BRDA:148,17,0,1
BRDA:148,17,1,1
BRDA:154,18,0,0
BRDA:154,18,1,0
BRDA:158,19,0,0
BRDA:158,19,1,0
BRDA:167,20,0,20
BRDA:167,20,1,14
BRDA:167,20,2,13
BRDA:167,20,3,0
BRDA:183,21,0,6
BRDA:183,21,1,14
BRDA:209,22,0,4
BRDA:209,22,1,10
BRDA:226,23,0,0
BRDA:226,23,1,13
BRDA:234,24,0,0
BRDA:234,24,1,13
BRDA:240,25,0,0
BRDA:240,25,1,13
BRDA:248,26,0,0
BRDA:248,26,1,13
BRDA:252,27,0,1
BRDA:252,27,1,12
BRDA:269,28,0,48
BRDA:269,28,1,2
BRDA:270,29,0,48
BRDA:270,29,1,1
BRDA:273,30,0,48
BRDA:273,30,1,47
BRDA:277,31,0,48
BRDA:277,31,1,47
BRF:69
BRH:39
end_of_record
TN:
SF:src/components/Login.jsx
FN:6,Login
FN:17,(anonymous_1)
FN:25,(anonymous_2)
FN:73,(anonymous_3)
FN:84,(anonymous_4)
FN:88,(anonymous_5)
FNF:6
FNH:6
FNDA:17,Login
FNDA:9,(anonymous_1)
FNDA:1,(anonymous_2)
FNDA:2,(anonymous_3)
FNDA:2,(anonymous_4)
FNDA:2,(anonymous_5)
DA:7,17
DA:8,17
DA:9,17
DA:10,17
DA:11,17
DA:12,17
DA:14,17
DA:17,17
DA:18,9
DA:19,9
DA:20,1
DA:21,1
DA:25,17
DA:26,1
DA:27,1
DA:28,1
DA:30,1
DA:31,1
DA:40,1
DA:42,1
DA:43,1
DA:44,1
DA:46,0
DA:47,0
DA:50,0
DA:51,0
DA:53,1
DA:57,17
DA:73,2
DA:84,2
DA:88,2
LF:31
LH:27
BRDA:19,0,0,1
BRDA:19,0,1,8
BRDA:42,1,0,1
BRDA:42,1,1,0
BRDA:42,2,0,1
BRDA:42,2,1,1
BRDA:46,3,0,0
BRDA:46,3,1,0
BRDA:47,4,0,0
BRDA:47,4,1,0
BRDA:64,5,0,17
BRDA:64,5,1,1
BRDA:80,6,0,1
BRDA:80,6,1,16
BRDA:89,7,0,1
BRDA:89,7,1,16
BRDA:93,8,0,17
BRDA:93,8,1,0
BRDA:100,9,0,1
BRDA:100,9,1,16
BRF:20
BRH:14
end_of_record
TN:
SF:src/components/Navbar.jsx
FN:4,Navbar
FNF:1
FNH:1
FNDA:8,Navbar
DA:5,8
LF:1
LH:1
BRDA:15,0,0,2
BRDA:15,0,1,6
BRF:2
BRH:2
end_of_record
TN:
SF:src/components/Profile.jsx
FN:6,Profile
FN:18,(anonymous_1)
FN:19,(anonymous_2)
FN:45,(anonymous_3)
FN:47,(anonymous_4)
FN:51,(anonymous_5)
FN:67,(anonymous_6)
FN:74,(anonymous_7)
FN:93,(anonymous_8)
FN:170,(anonymous_9)
FN:175,(anonymous_10)
FNF:11
FNH:10
FNDA:33,Profile
FNDA:9,(anonymous_1)
FNDA:9,(anonymous_2)
FNDA:2,(anonymous_3)
FNDA:2,(anonymous_4)
FNDA:2,(anonymous_5)
FNDA:1,(anonymous_6)
FNDA:2,(anonymous_7)
FNDA:2,(anonymous_8)
FNDA:0,(anonymous_9)
FNDA:3,(anonymous_10)
DA:7,33
DA:8,33
DA:9,33
DA:12,33
DA:13,33
DA:14,33
DA:15,33
DA:18,33
DA:19,9
DA:20,9
DA:21,9
DA:22,9
DA:25,9
DA:26,1
DA:27,1
DA:28,1
DA:30,8
DA:31,8
DA:32,8
DA:33,8
DA:34,8
DA:38,0
DA:39,1
DA:40,9
DA:42,9
DA:45,33
DA:46,2
DA:47,2
DA:48,2
DA:51,33
DA:53,2
DA:54,2
DA:55,2
DA:60,2
DA:61,2
DA:65,2
DA:66,2
DA:67,1
DA:68,1
DA:69,1
DA:70,1
DA:71,2
DA:74,33
DA:75,2
DA:76,2
DA:77,2
DA:78,2
DA:79,2
DA:82,2
DA:83,2
DA:84,1
DA:85,1
DA:87,1
DA:88,1
DA:89,2
DA:93,33
DA:94,2
DA:95,2
DA:96,2
DA:99,2
DA:100,2
DA:101,1
DA:102,1
DA:103,2
DA:107,33
DA:108,24
DA:109,23
DA:111,23
DA:170,0
DA:175,3
LF:70
LH:68
BRDA:25,0,0,1
BRDA:25,0,1,8
BRDA:26,1,0,0
BRDA:26,1,1,1
BRDA:28,2,0,1
BRDA:28,2,1,0
BRDA:31,3,0,8
BRDA:31,3,1,0
BRDA:31,4,0,8
BRDA:31,4,1,8
BRDA:33,5,0,8
BRDA:33,5,1,0
BRDA:35,6,0,8
BRDA:35,6,1,0
BRDA:35,7,0,8
BRDA:35,7,1,0
BRDA:36,8,0,8
BRDA:36,8,1,0
BRDA:36,9,0,8
BRDA:36,9,1,0
BRDA:38,10,0,0
BRDA:38,10,1,0
BRDA:53,11,0,2
BRDA:53,11,1,0
BRDA:57,12,0,2
BRDA:57,12,1,0
BRDA:66,13,0,1
BRDA:66,13,1,1
BRDA:66,14,0,2
BRDA:66,14,1,1
BRDA:69,15,0,1
BRDA:69,15,1,0
BRDA:76,16,0,2
BRDA:76,16,1,0
BRDA:83,17,0,1
BRDA:83,17,1,1
BRDA:83,18,0,2
BRDA:83,18,1,1
BRDA:87,19,0,1
BRDA:87,19,1,0
BRDA:100,20,0,1
BRDA:100,20,1,1
BRDA:100,21,0,2
BRDA:100,21,1,1
BRDA:101,22,0,1
BRDA:101,22,1,0
BRDA:107,23,0,9
BRDA:107,23,1,24
BRDA:107,24,0,33
BRDA:107,24,1,15
BRDA:108,25,0,1
BRDA:108,25,1,23
BRDA:108,26,0,24
BRDA:108,26,1,4
BRDA:109,27,0,0
BRDA:109,27,1,23
BRDA:116,28,0,23
BRDA:116,28,1,3
BRDA:117,29,0,23
BRDA:117,29,1,1
BRDA:127,30,0,8
BRDA:127,30,1,15
BRDA:127,31,0,15
BRDA:127,31,1,0
BRDA:132,32,0,8
BRDA:132,32,1,15
BRDA:132,33,0,15
BRDA:132,33,1,0
BRDA:138,34,0,8
BRDA:138,34,1,15
BRDA:138,35,0,15
BRDA:138,35,1,0
BRDA:143,36,0,8
BRDA:143,36,1,15
BRDA:143,37,0,15
BRDA:143,37,1,0
BRDA:147,38,0,8
BRDA:147,38,1,15
BRDA:147,39,0,15
BRDA:147,39,1,0
BRDA:152,40,0,23
BRDA:152,40,1,0
BRDA:164,41,0,8
BRDA:164,41,1,15
BRDA:168,42,0,2
BRDA:168,42,1,6
BRDA:186,43,0,6
BRDA:186,43,1,17
BRDA:189,44,0,6
BRDA:189,44,1,17
BRF:90
BRH:67
end_of_record
TN:
SF:src/components/Register.jsx
FN:7,Register
FN:34,(anonymous_1)
FN:37,(anonymous_2)
FN:47,(anonymous_3)
FN:92,(anonymous_4)
FN:172,(anonymous_5)
FN:194,(anonymous_6)
FNF:7
FNH:4
FNDA:44,Register
FNDA:32,(anonymous_1)
FNDA:32,(anonymous_2)
FNDA:4,(anonymous_3)
FNDA:0,(anonymous_4)
FNDA:0,(anonymous_5)
FNDA:0,(anonymous_6)
DA:9,44
DA:12,44
DA:23,44
DA:24,44
DA:27,44
DA:29,44
DA:31,44
DA:34,44
DA:35,32
DA:37,32
DA:42,32
DA:43,32
DA:47,44
DA:48,4
DA:49,4
DA:50,4
DA:53,4
DA:54,1
DA:55,1
DA:59,3
DA:60,1
DA:61,1
DA:65,2
DA:67,2
DA:69,2
DA:86,2
DA:89,2
DA:90,1
DA:92,1
DA:93,0
DA:97,1
DA:101,0
DA:102,0
DA:105,2
DA:109,44
DA:172,0
DA:194,0
LF:37
LH:32
BRDA:53,0,0,1
BRDA:53,0,1,3
BRDA:59,1,0,1
BRDA:59,1,1,2
BRDA:89,2,0,1
BRDA:89,2,1,1
BRDA:89,3,0,2
BRDA:89,3,1,1
BRDA:97,4,0,1
BRDA:97,4,1,0
BRDA:159,5,0,0
BRDA:159,5,1,44
BRDA:174,6,0,0
BRDA:174,6,1,44
BRDA:181,7,0,0
BRDA:181,7,1,44
BRDA:196,8,0,0
BRDA:196,8,1,44
BRDA:225,9,0,44
BRDA:225,9,1,3
BRDA:227,10,0,44
BRDA:227,10,1,1
BRDA:232,11,0,2
BRDA:232,11,1,42
BRF:24
BRH:19
end_of_record
TN:
SF:src/components/SidebarLayout.jsx
FN:6,SidebarLayout
FN:9,(anonymous_1)
FNF:2
FNH:2
FNDA:4,SidebarLayout
FNDA:2,(anonymous_1)
DA:7,4
DA:9,4
DA:11,4
LF:3
LH:3
BRDA:16,0,0,1
BRDA:16,0,1,3
BRDA:29,1,0,1
BRDA:29,1,1,3
BRF:4
BRH:4
end_of_record
TN:
SF:src/ui/Button.jsx
FN:3,Button
FNF:1
FNH:1
FNDA:4,Button
DA:4,4
LF:1
LH:1
BRDA:3,0,0,3
BRDA:3,1,0,3
BRF:2
BRH:2
end_of_record
TN:
SF:src/ui/Input.jsx
FN:3,Input
FNF:1
FNH:1
FNDA:4,Input
DA:4,4
LF:1
LH:1
BRDA:3,0,0,3
BRF:1
BRH:1
end_of_record
